Log file open, 09/03/18 11:52:19
LogWindows: Failed to load 'aqProf.dll' (GetLastError=126)
LogWindows: File 'aqProf.dll' does not exist
LogWindows: Failed to load 'VSPerf140.dll' (GetLastError=126)
LogWindows: File 'VSPerf140.dll' does not exist
LogWindows: Failed to load 'VtuneApi.dll' (GetLastError=126)
LogWindows: File 'VtuneApi.dll' does not exist
LogWindows: Failed to load 'VtuneApi32e.dll' (GetLastError=126)
LogWindows: File 'VtuneApi32e.dll' does not exist
LogInit: Display: Running engine for game: MyProject3
LogPlatformFile: Not using cached read wrapper
LogTaskGraph: Started task graph with 5 named threads and 23 total threads with 3 sets of task threads.
LogStats: Stats thread started at 0.298896
LogD3D11RHI: Loaded GFSDK_Aftermath_Lib.x64.dll
LogICUInternationalization: Display: ICU TimeZone Detection - Raw Offset: +2:00, Platform Override: ''
LogPluginManager: Mounting plugin Paper2D
LogPluginManager: Mounting plugin AISupport
LogPluginManager: Mounting plugin LightPropagationVolume
LogPluginManager: Mounting plugin CLionSourceCodeAccess
LogPluginManager: Mounting plugin CodeLiteSourceCodeAccess
LogPluginManager: Mounting plugin GitSourceControl
LogPluginManager: Mounting plugin KDevelopSourceCodeAccess
LogPluginManager: Mounting plugin NullSourceCodeAccess
LogPluginManager: Mounting plugin PerforceSourceControl
LogPluginManager: Mounting plugin SubversionSourceControl
LogPluginManager: Mounting plugin UObjectPlugin
LogPluginManager: Mounting plugin VisualStudioCodeSourceCodeAccess
LogPluginManager: Mounting plugin VisualStudioSourceCodeAccess
LogPluginManager: Mounting plugin XCodeSourceCodeAccess
LogPluginManager: Mounting plugin AssetManagerEditor
LogPluginManager: Mounting plugin CryptoKeys
LogPluginManager: Mounting plugin DataValidation
LogPluginManager: Mounting plugin FacialAnimation
LogPluginManager: Mounting plugin GameplayTagsEditor
LogPluginManager: Mounting plugin MacGraphicsSwitching
LogPluginManager: Mounting plugin MeshEditor
LogPluginManager: Mounting plugin MobileLauncherProfileWizard
LogPluginManager: Mounting plugin PluginBrowser
LogPluginManager: Mounting plugin SpeedTreeImporter
LogPluginManager: Mounting plugin DatasmithContent
LogPluginManager: Mounting plugin AlembicImporter
LogPluginManager: Mounting plugin AppleImageUtils
LogPluginManager: Mounting plugin AppleVision
LogPluginManager: Mounting plugin BackChannel
LogPluginManager: Mounting plugin CharacterAI
LogPluginManager: Mounting plugin GeometryCache
LogPluginManager: Mounting plugin HTML5Networking
LogPluginManager: Mounting plugin ProxyLODPlugin
LogPluginManager: Mounting plugin MagicLeap
LogPluginManager: Mounting plugin MagicLeapEmulator
LogPluginManager: Mounting plugin MagicLeapMedia
LogPluginManager: Mounting plugin AndroidMedia
LogPluginManager: Mounting plugin AvfMedia
LogPluginManager: Mounting plugin ImgMedia
LogPluginManager: Mounting plugin LinearTimecode
LogPluginManager: Mounting plugin MediaCompositing
LogPluginManager: Mounting plugin MediaPlayerEditor
LogPluginManager: Mounting plugin WmfMedia
LogPluginManager: Mounting plugin TcpMessaging
LogPluginManager: Mounting plugin UdpMessaging
LogPluginManager: Mounting plugin ActorSequence
LogPluginManager: Mounting plugin LevelSequenceEditor
LogPluginManager: Mounting plugin MatineeToLevelSequence
LogPluginManager: Mounting plugin NetcodeUnitTest
LogPluginManager: Mounting plugin NUTUnrealEngine4
LogPluginManager: Mounting plugin OnlineSubsystemGooglePlay
LogPluginManager: Mounting plugin OnlineSubsystemIOS
LogPluginManager: Mounting plugin OnlineSubsystem
LogPluginManager: Mounting plugin OnlineSubsystemNull
LogPluginManager: Mounting plugin OnlineSubsystemUtils
LogPluginManager: Mounting plugin LauncherChunkInstaller
LogPluginManager: Mounting plugin AndroidDeviceProfileSelector
LogPluginManager: Mounting plugin AndroidMoviePlayer
LogPluginManager: Mounting plugin AndroidPermission
LogPluginManager: Mounting plugin AppleMoviePlayer
LogPluginManager: Mounting plugin ArchVisCharacter
LogPluginManager: Mounting plugin AudioCapture
LogPluginManager: Mounting plugin CableComponent
LogPluginManager: Mounting plugin CustomMeshComponent
LogPluginManager: Mounting plugin EditableMesh
LogPluginManager: Mounting plugin ExampleDeviceProfileSelector
LogPluginManager: Mounting plugin GoogleCloudMessaging
LogPluginManager: Mounting plugin ImmediatePhysics
LogPluginManager: Mounting plugin IOSDeviceProfileSelector
LogPluginManager: Mounting plugin LinuxDeviceProfileSelector
LogPluginManager: Mounting plugin LocationServicesBPLibrary
LogPluginManager: Mounting plugin MobilePatchingUtils
LogPluginManager: Mounting plugin OculusVR
LogPluginManager: Plugin shader directory ../../../Engine/Plugins/Runtime/Oculus/OculusVR/Shaders found
LogPluginManager: Mapping shader source directory ../../../Engine/Plugins/Runtime/Oculus/OculusVR/Shaders to virtual directory /Plugin/OculusVR
LogPluginManager: Mounting plugin PhysXVehicles
LogPluginManager: Mounting plugin ProceduralMeshComponent
LogPluginManager: Mounting plugin RuntimePhysXCooking
LogPluginManager: Mounting plugin SteamVR
LogPluginManager: Mounting plugin WindowsMoviePlayer
LogStreaming: Display: Took  0.108s to configure plugins.
LogInit: Using libcurl 7.55.1-DEV
LogInit:  - built for x86_64-pc-win32
LogInit:  - supports SSL with OpenSSL/1.0.2h
LogInit:  - supports HTTP deflate (compression) using libz 1.2.8
LogInit:  - other features:
LogInit:      CURL_VERSION_SSL
LogInit:      CURL_VERSION_LIBZ
LogInit:      CURL_VERSION_IPV6
LogInit:      CURL_VERSION_ASYNCHDNS
LogInit:      CURL_VERSION_LARGEFILE
LogInit:      CURL_VERSION_IDN
LogInit:  CurlRequestOptions (configurable via config and command line):
LogInit:  - bVerifyPeer = false  - Libcurl will NOT verify peer certificate
LogInit:  - bUseHttpProxy = false  - Libcurl will NOT use HTTP proxy
LogInit:  - bDontReuseConnections = false  - Libcurl will reuse connections
LogInit:  - CertBundlePath = nullptr  - Libcurl will use whatever was configured at build time.
LogInit:  - MaxHostConnections = 16  - Libcurl will limit the number of connections to a host
LogInit:  - LocalHostAddr = Default
LogInit:  - BufferSize = 65536
LogInit: WinSock: version 1.1 (2.2), MaxSocks=32767, MaxUdp=65467
LogInit: Build: ++UE4+Release-4.20-CL-4233996
LogInit: Engine Version: 4.20.1-4233996+++UE4+Release-4.20
LogInit: Compatible Engine Version: 4.20.0-4212847+++UE4+Release-4.20
LogInit: Net CL: 4212847
LogInit: OS: Windows 10 (), CPU: Intel(R) Core(TM) i7-6700HQ CPU @ 2.60GHz, GPU: NVIDIA GeForce GTX 980M
LogInit: Compiled (64-bit): Jul 26 2018 10:07:30
LogInit: Compiled with Visual C++: 19.13.26129.00
LogInit: Build Configuration: Development
LogInit: Branch Name: ++UE4+Release-4.20
LogInit: Command Line: 
LogInit: Base Directory: C:/Program Files/Epic Games/UE_4.20/Engine/Binaries/Win64/
LogInit: Installed Engine Build: 1
LogDevObjectVersion: Number of dev versions registered: 20
LogDevObjectVersion:   Dev-Blueprints (B0D832E4-1F89-4F0D-ACCF-7EB736FD4AA2): 10
LogDevObjectVersion:   Dev-Build (E1C64328-A22C-4D53-A36C-8E866417BD8C): 0
LogDevObjectVersion:   Dev-Core (375EC13C-06E4-48FB-B500-84F0262A717E): 2
LogDevObjectVersion:   Dev-Editor (E4B068ED-F494-42E9-A231-DA0B2E46BB41): 24
LogDevObjectVersion:   Dev-Framework (CFFC743F-43B0-4480-9391-14DF171D2073): 34
LogDevObjectVersion:   Dev-Mobile (B02B49B5-BB20-44E9-A304-32B752E40360): 2
LogDevObjectVersion:   Dev-Networking (A4E4105C-59A1-49B5-A7C5-40C4547EDFEE): 0
LogDevObjectVersion:   Dev-Online (39C831C9-5AE6-47DC-9A44-9C173E1C8E7C): 0
LogDevObjectVersion:   Dev-Physics (78F01B33-EBEA-4F98-B9B4-84EACCB95AA2): 0
LogDevObjectVersion:   Dev-Platform (6631380F-2D4D-43E0-8009-CF276956A95A): 0
LogDevObjectVersion:   Dev-Rendering (12F88B9F-8875-4AFC-A67C-D90C383ABD29): 26
LogDevObjectVersion:   Dev-Sequencer (7B5AE74C-D270-4C10-A958-57980B212A5A): 9
LogDevObjectVersion:   Dev-VR (D7296918-1DD6-4BDD-9DE2-64A83CC13884): 2
LogDevObjectVersion:   Dev-LoadTimes (C2A15278-BFE7-4AFE-6C17-90FF531DF755): 1
LogDevObjectVersion:   Private-Geometry (6EACA3D4-40EC-4CC1-B786-8BED09428FC5): 3
LogDevObjectVersion:   Dev-AnimPhys (29E575DD-E0A3-4627-9D10-D276232CDCEA): 17
LogDevObjectVersion:   Dev-ReflectionCapture (6B266CEC-1EC7-4B8F-A30B-E4D90942FC07): 1
LogDevObjectVersion:   Dev-Automation (0DF73D61-A23F-47EA-B727-89E90C41499A): 1
LogDevObjectVersion:   FortniteMain (601D1886-AC64-4F84-AA16-D3DE0DEAC7D6): 12
LogDevObjectVersion:   Dev-Enterprise (9DFFBCD6-494F-0158-E221-12823C92A888): 1
LogStreaming: Display: Took  0.002s to delete old logs.
LogInit: Presizing for max 8388607 objects, including 0 objects not considered by GC, pre-allocating 0 bytes for permanent pool.
LogInit: Object subsystem initialized
[2018.09.03-09.52.19:365][  0]LogInit: Selected Device Profile: [Windows]
[2018.09.03-09.52.19:365][  0]LogInit: Applying CVar settings loaded from the selected device profile: [Windows]
[2018.09.03-09.52.19:383][  0]LogHAL: Display: Platform has ~ 16 GB [17040711680 / 17179869184 / 16], which maps to Larger [LargestMinGB=32, LargerMinGB=12, DefaultMinGB=8, SmallerMinGB=6, SmallestMinGB=0)
[2018.09.03-09.52.19:383][  0]LogInit: Setting Device Profile CVar: [[r.Vulkan.UseRealUBs:1]]
[2018.09.03-09.52.19:383][  0]LogInit: Going up to parent DeviceProfile []
[2018.09.03-09.52.19:383][  0]LogInit: Computer: DESKTOP-7C8HNJ0
[2018.09.03-09.52.19:383][  0]LogInit: User: User
[2018.09.03-09.52.19:383][  0]LogInit: CPU Page size=4096, Cores=4
[2018.09.03-09.52.19:383][  0]LogInit: High frequency timer resolution =2.531253 MHz
[2018.09.03-09.52.19:383][  0]LogMemory: Memory total: Physical=15.9GB (16GB approx)
[2018.09.03-09.52.19:383][  0]LogMemory: Platform Memory Stats for Windows
[2018.09.03-09.52.19:383][  0]LogMemory: Process Physical Memory: 99.65 MB used, 99.65 MB peak
[2018.09.03-09.52.19:383][  0]LogMemory: Process Virtual Memory: 90.99 MB used, 90.99 MB peak
[2018.09.03-09.52.19:383][  0]LogMemory: Physical Memory: 6502.33 MB used,  9748.96 MB free, 16251.29 MB total
[2018.09.03-09.52.19:383][  0]LogMemory: Virtual Memory: 4640.10 MB used,  9748.96 MB free, 134217728.00 MB total
[2018.09.03-09.52.19:408][  0]LogInit: Using OS detected language (ru-RU).
[2018.09.03-09.52.19:408][  0]LogInit: Using OS detected locale (ru-RU).
[2018.09.03-09.52.19:409][  0]LogTextLocalizationManager: No specific localization for 'ru-RU' exists, so the 'ru' localization will be used.
[2018.09.03-09.52.19:411][  0]LogStreaming: Display: Took  0.003s to InitEngineTextLocalization.
[2018.09.03-09.52.19:411][  0]LogInit: Setting process to per monitor DPI aware
[2018.09.03-09.52.19:453][  0]LogSlate: New Slate User Created.  User Index 0, Is Virtual User: 0
[2018.09.03-09.52.19:453][  0]LogSlate: Slate User Registered.  User Index 0, Is Virtual User: 0
[2018.09.03-09.52.19:705][  0]LogHMD: Failed to initialize OpenVR with code 126
[2018.09.03-09.52.19:705][  0]LogD3D11RHI: D3D11 adapters:
[2018.09.03-09.52.19:752][  0]LogD3D11RHI:    0. 'NVIDIA GeForce GTX 980M' (Feature Level 11_0)
[2018.09.03-09.52.19:752][  0]LogD3D11RHI:       4061/0/8125 MB DedicatedVideo/DedicatedSystem/SharedSystem, Outputs:1, VendorId:0x10de
[2018.09.03-09.52.19:762][  0]LogD3D11RHI:    1. 'Intel(R) HD Graphics 530' (Feature Level 11_0)
[2018.09.03-09.52.19:762][  0]LogD3D11RHI:       128/0/8125 MB DedicatedVideo/DedicatedSystem/SharedSystem, Outputs:0, VendorId:0x8086
[2018.09.03-09.52.19:764][  0]LogD3D11RHI:    2. 'Microsoft Basic Render Driver' (Feature Level 11_0)
[2018.09.03-09.52.19:764][  0]LogD3D11RHI:       0/0/8125 MB DedicatedVideo/DedicatedSystem/SharedSystem, Outputs:0, VendorId:0x1414
[2018.09.03-09.52.19:764][  0]LogD3D11RHI: Chosen D3D11 Adapter: 0
[2018.09.03-09.52.19:770][  0]LogD3D11RHI: Creating new Direct3DDevice
[2018.09.03-09.52.19:770][  0]LogD3D11RHI:     GPU DeviceId: 0x13d7 (for the marketing name, search the web for "GPU Device Id")
[2018.09.03-09.52.19:770][  0]LogWindows: EnumDisplayDevices:
[2018.09.03-09.52.19:771][  0]LogWindows:    0. 'Intel(R) HD Graphics 530' (P:0 D:0)
[2018.09.03-09.52.19:771][  0]LogWindows:    1. 'Intel(R) HD Graphics 530' (P:0 D:0)
[2018.09.03-09.52.19:772][  0]LogWindows:    2. 'Intel(R) HD Graphics 530' (P:0 D:0)
[2018.09.03-09.52.19:772][  0]LogWindows:    3. 'NVIDIA GeForce GTX 980M' (P:1 D:1)
[2018.09.03-09.52.19:772][  0]LogWindows: DebugString: PrimaryIsNotTheChoosenAdapter PrimaryIsNotTheChoosenAdapter PrimaryIsNotTheChoosenAdapter 
[2018.09.03-09.52.19:772][  0]LogD3D11RHI:     Adapter Name: NVIDIA GeForce GTX 980M
[2018.09.03-09.52.19:772][  0]LogD3D11RHI:   Driver Version: 384.76 (internal:22.21.13.8476, unified:384.76)
[2018.09.03-09.52.19:772][  0]LogD3D11RHI:      Driver Date: 6-27-2017
[2018.09.03-09.52.19:772][  0]LogRHI: Texture pool is 2843 MB (70% of 4061 MB)
[2018.09.03-09.52.19:801][  0]LogD3D11RHI: Async texture creation enabled
[2018.09.03-09.52.19:814][  0]LogD3D11RHI: GPU Timing Frequency: 1000.000000 (Debug: 2 1)
[2018.09.03-09.52.19:865][  0]LogShaderCompilers: Guid format shader working directory is -20 characters bigger than the processId version (../../../../../../Users/User/Documents/Unreal Projects/MyProject3/Intermediate/Shaders/WorkingDirectory/7988/).
[2018.09.03-09.52.19:865][  0]LogShaderCompilers: Cleaned the shader compiler working directory 'C:/Users/User/AppData/Local/Temp/UnrealShaderWorkingDir/1CAA9F6248B43BC290582CAB226B9723/'.
[2018.09.03-09.52.20:210][  0]LogTemp: Display: Loaded TP AllDesktopTargetPlatform
[2018.09.03-09.52.20:225][  0]LogTemp: Display: Loaded TP MacClientTargetPlatform
[2018.09.03-09.52.20:239][  0]LogTemp: Display: Loaded TP MacNoEditorTargetPlatform
[2018.09.03-09.52.20:254][  0]LogTemp: Display: Loaded TP MacServerTargetPlatform
[2018.09.03-09.52.20:280][  0]LogTemp: Display: Loaded TP MacTargetPlatform
[2018.09.03-09.52.20:301][  0]LogTemp: Display: Loaded TP WindowsClientTargetPlatform
[2018.09.03-09.52.20:320][  0]LogTemp: Display: Loaded TP WindowsNoEditorTargetPlatform
[2018.09.03-09.52.20:338][  0]LogTemp: Display: Loaded TP WindowsServerTargetPlatform
[2018.09.03-09.52.20:346][  0]LogTemp: Display: Loaded TP WindowsTargetPlatform
[2018.09.03-09.52.20:448][  0]LogTemp: Display: Loaded TP AndroidTargetPlatform
[2018.09.03-09.52.20:448][  0]LogTemp: Display: Loaded TP AndroidTargetPlatform
[2018.09.03-09.52.20:448][  0]LogTemp: Display: Loaded TP AndroidTargetPlatform
[2018.09.03-09.52.20:448][  0]LogTemp: Display: Loaded TP AndroidTargetPlatform
[2018.09.03-09.52.20:448][  0]LogTemp: Display: Loaded TP AndroidTargetPlatform
[2018.09.03-09.52.20:448][  0]LogTemp: Display: Loaded TP AndroidTargetPlatform
[2018.09.03-09.52.20:448][  0]LogTemp: Display: Loaded TP AndroidTargetPlatform
[2018.09.03-09.52.20:448][  0]LogTemp: Display: Loaded TP AndroidTargetPlatform
[2018.09.03-09.52.20:448][  0]LogTemp: Display: Loaded TP AndroidTargetPlatform
[2018.09.03-09.52.20:448][  0]LogTemp: Display: Loaded TP AndroidTargetPlatform
[2018.09.03-09.52.20:448][  0]LogTemp: Display: Loaded TP AndroidTargetPlatform
[2018.09.03-09.52.20:448][  0]LogTemp: Display: Loaded TP AndroidTargetPlatform
[2018.09.03-09.52.20:448][  0]LogTemp: Display: Loaded TP AndroidTargetPlatform
[2018.09.03-09.52.20:448][  0]LogTemp: Display: Loaded TP AndroidTargetPlatform
[2018.09.03-09.52.20:448][  0]LogTemp: Display: Loaded TP AndroidTargetPlatform
[2018.09.03-09.52.20:448][  0]LogTemp: Display: Loaded TP AndroidTargetPlatform
[2018.09.03-09.52.20:448][  0]LogTemp: Display: Loaded TP AndroidTargetPlatform
[2018.09.03-09.52.20:448][  0]LogTemp: Display: Loaded TP AndroidTargetPlatform
[2018.09.03-09.52.20:449][  0]LogTemp: Display: Loaded TP HTML5TargetPlatform
[2018.09.03-09.52.20:514][  0]LogTemp: Display: Loaded TP IOSTargetPlatform
[2018.09.03-09.52.20:514][  0]LogTemp: Display: Loaded TP IOSTargetPlatform
[2018.09.03-09.52.20:540][  0]LogTemp: Display: Loaded TP TVOSTargetPlatform
[2018.09.03-09.52.20:540][  0]LogTemp: Display: Loaded TP TVOSTargetPlatform
[2018.09.03-09.52.20:553][  0]LogTemp: Display: Loaded TP LinuxClientTargetPlatform
[2018.09.03-09.52.20:566][  0]LogTemp: Display: Loaded TP LinuxNoEditorTargetPlatform
[2018.09.03-09.52.20:579][  0]LogTemp: Display: Loaded TP LinuxServerTargetPlatform
[2018.09.03-09.52.20:592][  0]LogTemp: Display: Loaded TP LinuxTargetPlatform
[2018.09.03-09.52.20:602][  0]LogTemp: Display: Loaded TP LuminTargetPlatform
[2018.09.03-09.52.20:602][  0]LogTargetPlatformManager: Display: Building Assets For Windows
[2018.09.03-09.52.20:662][  0]LogXGEController: Cannot use XGE Controller as Incredibuild is not installed on this machine.
[2018.09.03-09.52.20:662][  0]LogShaderCompilers: Cannot use XGE Shader Compiler as Incredibuild is not installed on this machine.
[2018.09.03-09.52.20:662][  0]LogShaderCompilers: Display: Using Local Shader Compiler.
[2018.09.03-09.52.21:493][  0]LogDerivedDataCache: Display: Max Cache Size: 512 MB
[2018.09.03-09.52.21:568][  0]LogDerivedDataCache: Loaded boot cache 0.08s 99MB C:/Users/User/AppData/Local/UnrealEngine/4.20/DerivedDataCache/Boot.ddc.
[2018.09.03-09.52.21:568][  0]LogDerivedDataCache: Display: Loaded Boot cache: C:/Users/User/AppData/Local/UnrealEngine/4.20/DerivedDataCache/Boot.ddc
[2018.09.03-09.52.21:568][  0]LogDerivedDataCache: FDerivedDataBackendGraph:  Pak pak cache file ../../../../../../Users/User/Documents/Unreal Projects/MyProject3/DerivedDataCache/DDC.ddp not found, will not use a pak cache.
[2018.09.03-09.52.21:569][  0]LogDerivedDataCache: Unable to find inner node Pak for hierarchical cache Hierarchy.
[2018.09.03-09.52.21:569][  0]LogDerivedDataCache: FDerivedDataBackendGraph:  CompressedPak pak cache file ../../../../../../Users/User/Documents/Unreal Projects/MyProject3/DerivedDataCache/Compressed.ddp not found, will not use a pak cache.
[2018.09.03-09.52.21:569][  0]LogDerivedDataCache: Unable to find inner node CompressedPak for hierarchical cache Hierarchy.
[2018.09.03-09.52.21:582][  0]LogDerivedDataCache: Display: Pak cache opened for reading ../../../Engine/DerivedDataCache/Compressed.ddp.
[2018.09.03-09.52.21:594][  0]LogDerivedDataCache: Using Local data cache path C:/Users/User/AppData/Local/UnrealEngine/Common/DerivedDataCache: Writable
[2018.09.03-09.52.21:594][  0]LogDerivedDataCache: Shared data cache path not found in *engine.ini, will not use an Shared cache.
[2018.09.03-09.52.21:594][  0]LogDerivedDataCache: Unable to find inner node Shared for hierarchical cache Hierarchy.
[2018.09.03-09.52.21:614][  0]LogMaterial: Verifying Global Shaders for PCD3D_SM5
[2018.09.03-09.52.21:615][  0]LogSlate: Using FreeType 2.6.0
[2018.09.03-09.52.21:616][  0]LogSlate: SlateFontServices - WITH_FREETYPE: 1, WITH_HARFBUZZ: 1
[2018.09.03-09.52.21:697][  0]LogAssetRegistry: FAssetRegistry took 0.0260 seconds to start up
[2018.09.03-09.52.22:055][  0]LogInit: Selected Device Profile: [Windows]
[2018.09.03-09.52.22:196][  0]LogSimplygon: Simplygon DLL not present - disabling.
[2018.09.03-09.52.22:199][  0]LogMeshReduction: Using SimplygonSwarm for distributed automatic mesh merging
[2018.09.03-09.52.22:199][  0]LogMeshReduction: Using ProxyLODMeshReduction for automatic mesh merging
[2018.09.03-09.52.22:199][  0]LogMeshReduction: Using QuadricMeshReduction for automatic static mesh reduction
[2018.09.03-09.52.22:199][  0]LogMeshReduction: No automatic skeletal mesh reduction module available
[2018.09.03-09.52.22:238][  0]LogNetVersion: MyProject3 1.0.0, NetCL: 4212847, EngineNetVer: 5, GameNetVer: 0 (Checksum: 2388168767)
[2018.09.03-09.52.22:831][  0]LogPackageLocalizationCache: Processed 11 localized package path(s) for 2 prioritized culture(s) in 0.120011 seconds
[2018.09.03-09.52.22:838][  0]LogUObjectArray: 38425 objects as part of root set at end of initial load.
[2018.09.03-09.52.22:838][  0]LogUObjectAllocator: 6690872 out of 0 bytes used by permanent object pool.
[2018.09.03-09.52.22:838][  0]LogUObjectArray: CloseDisregardForGC: 0/0 objects in disregard for GC pool
[2018.09.03-09.52.23:748][  0]LogTcpMessaging: Initializing TcpMessaging bridge
[2018.09.03-09.52.23:760][  0]LogUdpMessaging: Initializing bridge on interface 0.0.0.0:0 to multicast group 230.0.0.1:6666.
[2018.09.03-09.52.23:906][  0]SourceControl: Source control is disabled
[2018.09.03-09.52.23:906][  0]SourceControl: Source control is disabled
[2018.09.03-09.52.23:907][  0]SourceControl: Source control is disabled
[2018.09.03-09.52.23:908][  0]SourceControl: Source control is disabled
[2018.09.03-09.52.24:065][  0]LogAndroidPermission: UAndroidPermissionCallbackProxy::GetInstance
[2018.09.03-09.52.24:169][  0]LogOcInput: OculusInput pre-init called
[2018.09.03-09.52.24:233][  0]LogEngine: Initializing Engine...
[2018.09.03-09.52.24:255][  0]LogHMD: Failed to initialize OpenVR with code 126
[2018.09.03-09.52.24:256][  0]LogStats: UGameplayTagsManager::ConstructGameplayTagTree: ImportINI prefixes -  0.000 s
[2018.09.03-09.52.24:256][  0]LogStats: UGameplayTagsManager::ConstructGameplayTagTree: Construct from data asset -  0.000 s
[2018.09.03-09.52.24:256][  0]LogStats: UGameplayTagsManager::ConstructGameplayTagTree: ImportINI -  0.000 s
[2018.09.03-09.52.24:256][  0]LogStats: UGameplayTagsManager::ConstructGameplayTagTree: GameplayTagTreeChangedEvent.Broadcast -  0.000 s
[2018.09.03-09.52.24:493][  0]LogInit: Initializing FReadOnlyCVARCache
[2018.09.03-09.52.24:506][  0]LogAIModule: Creating AISystem for world Untitled
[2018.09.03-09.52.24:537][  0]LogInit: XAudio2 using 'Динамики (Sound Blaster Recon3Di)' : 2 channels at 48 kHz using 32 bits per sample (channel mask 0x3)
[2018.09.03-09.52.24:570][  0]LogInit: FAudioDevice initialized.
[2018.09.03-09.52.24:570][  0]LogNetVersion: Set ProjectVersion to 1.0.0.0. Version Checksum will be recalculated on next use.
[2018.09.03-09.52.24:638][  0]LogDerivedDataCache: Saved boot cache 0.07s 85MB C:/Users/User/AppData/Local/UnrealEngine/4.20/DerivedDataCache/Boot.ddc.
[2018.09.03-09.52.24:668][  0]LogInit: Texture streaming: Enabled
[2018.09.03-09.52.24:684][  0]LogEngineSessionManager: EngineSessionManager initialized
[2018.09.03-09.52.24:700][  0]LogInit: Transaction tracking system initialized
[2018.09.03-09.52.24:723][  0]BlueprintLog: New page: Editor Load
[2018.09.03-09.52.24:803][  0]LocalizationService: Localization service is disabled
[2018.09.03-09.52.25:161][  0]LogCook: Display: Max memory allowance for cook 16384mb min free memory 0mb
[2018.09.03-09.52.25:161][  0]LogCook: Display: Mobile HDR setting 1
[2018.09.03-09.52.25:161][  0]LogGameplayTags: Display: UGameplayTagsManager::DoneAddingNativeTags. DelegateIsBound: 0
[2018.09.03-09.52.25:161][  0]LogStats: UGameplayTagsManager::ConstructGameplayTagTree: ImportINI prefixes -  0.000 s
[2018.09.03-09.52.25:161][  0]LogStats: UGameplayTagsManager::ConstructGameplayTagTree: Construct from data asset -  0.000 s
[2018.09.03-09.52.25:161][  0]LogStats: UGameplayTagsManager::ConstructGameplayTagTree: ImportINI -  0.000 s
[2018.09.03-09.52.25:161][  0]LogStats: UGameplayTagsManager::ConstructGameplayTagTree: GameplayTagTreeChangedEvent.Broadcast -  0.000 s
[2018.09.03-09.52.25:286][  0]LogFileCache: Scanning file cache for directory 'C:/Users/User/Documents/Unreal Projects/MyProject3/Content/' took 0.01s
[2018.09.03-09.52.25:286][  0]SourceControl: Source control is disabled
[2018.09.03-09.52.25:286][  0]Cmd: MAP LOAD FILE="../../../../../../Users/User/Documents/Unreal Projects/MyProject3/Content/VirtualRealityBP/Maps/StartupMap.umap" TEMPLATE=0 SHOWPROGRESS=1 FEATURELEVEL=3
[2018.09.03-09.52.25:286][  0]LightingResults: New page: Lighting Build
[2018.09.03-09.52.25:289][  0]MapCheck: New page: Map Check
[2018.09.03-09.52.25:289][  0]LightingResults: New page: Lighting Build
[2018.09.03-09.52.25:434][  0]LogAIModule: Creating AISystem for world StartupMap
[2018.09.03-09.52.25:443][  0]LogEditorServer: Finished looking for orphan Actors (0.000 secs)
[2018.09.03-09.52.25:468][  0]Cmd: MAP CHECKDEP NOCLEARLOG
[2018.09.03-09.52.25:540][  0]MapCheck: Map check complete: 0 Error(s), 0 Warning(s), took 71,894ms to complete.
[2018.09.03-09.52.25:540][  0]LogFileHelpers: Loading map 'StartupMap' took 0.255
[2018.09.03-09.52.25:659][  0]LogSlate: Updating window title bar state: overlay mode, drag disabled, window buttons hidden, title bar hidden
[2018.09.03-09.52.25:666][  0]LogSlate: Updating window title bar state: overlay mode, drag disabled, window buttons hidden, title bar hidden
[2018.09.03-09.52.25:674][  0]LogSlate: Updating window title bar state: overlay mode, drag disabled, window buttons hidden, title bar hidden
[2018.09.03-09.52.25:683][  0]LogSlate: Updating window title bar state: overlay mode, drag disabled, window buttons hidden, title bar hidden
[2018.09.03-09.52.25:689][  0]LogCollectionManager: Loaded 0 collections in 0.001851 seconds
[2018.09.03-09.52.25:730][  0]LogFileCache: Scanning file cache for directory 'C:/Users/User/Documents/Unreal Projects/MyProject3/Saved/Collections/' took 0.01s
[2018.09.03-09.52.25:730][  0]LogFileCache: Scanning file cache for directory 'C:/Users/User/Documents/Unreal Projects/MyProject3/Content/Developers/User/Collections/' took 0.01s
[2018.09.03-09.52.25:730][  0]LogFileCache: Scanning file cache for directory 'C:/Users/User/Documents/Unreal Projects/MyProject3/Content/Collections/' took 0.01s
[2018.09.03-09.52.25:730][  0]LogCollectionManager: Rebuilt the GUID cache for 0 collections in 0.000000 seconds
[2018.09.03-09.52.25:740][  0]LogContentBrowser: Native class hierarchy populated in 0.0099 seconds. Added 2572 classes and 603 folders.
[2018.09.03-09.52.25:746][  0]LogContentBrowser: Native class hierarchy updated for 'WidgetCarousel' in 0.0004 seconds. Added 0 classes and 0 folders.
[2018.09.03-09.52.25:792][  0]LogContentBrowser: Native class hierarchy updated for 'AddContentDialog' in 0.0002 seconds. Added 0 classes and 0 folders.
[2018.09.03-09.52.25:797][  0]LogContentBrowser: Native class hierarchy updated for 'SceneOutliner' in 0.0007 seconds. Added 1 classes and 2 folders.
[2018.09.03-09.52.25:863][  0]LogSlate: Took 0.000271 seconds to synchronously load lazily loaded font '../../../Engine/Content/Slate/Fonts/Roboto-Regular.ttf' (155K)
[2018.09.03-09.52.25:868][  0]LogSlate: Took 0.000290 seconds to synchronously load lazily loaded font '../../../Engine/Content/Slate/Fonts/Roboto-Bold.ttf' (160K)
[2018.09.03-09.52.25:871][  0]LogSlate: Took 0.000206 seconds to synchronously load lazily loaded font '../../../Engine/Content/Editor/Slate/Fonts/FontAwesome.ttf' (139K)
[2018.09.03-09.52.25:941][  0]LogRenderer: Reallocating scene render targets to support 2040x612 Format 26 NumSamples 1 (Frame:1).
[2018.09.03-09.52.26:055][  0]LogContentBrowser: Native class hierarchy updated for 'HierarchicalLODOutliner' in 0.0002 seconds. Added 0 classes and 0 folders.
[2018.09.03-09.52.26:055][  0]LogLoad: (Engine Initialization) Total time: 8.42 seconds
[2018.09.03-09.52.26:055][  0]LogLoad: (Engine Initialization) Total Blueprint compile time: 0.00 seconds
[2018.09.03-09.52.26:075][  0]LogWindowsTextInputMethodSystem: Display: IME system now deactivated.
[2018.09.03-09.52.26:098][  0]LogContentStreaming: Texture pool size now 3000 MB
[2018.09.03-09.52.26:107][  0]LogSlate: Took 0.000157 seconds to synchronously load lazily loaded font '../../../Engine/Content/Slate/Fonts/Roboto-Light.ttf' (167K)
[2018.09.03-09.52.26:123][  1]LogAssetRegistry: Asset discovery search completed in 4.4480 seconds
[2018.09.03-09.52.26:125][  1]LogCollectionManager: Rebuilt the object cache for 0 collections in 0.000000 seconds (found 0 objects)
[2018.09.03-09.52.26:126][  1]LogCollectionManager: Fixed up redirectors for 0 collections in 0.000102 seconds (updated 0 objects)
[2018.09.03-09.52.28:560][ 84]LogSlate: FSceneViewport::OnFocusLost() reason 0
[2018.09.03-09.52.30:673][211]LogUProjectInfo: Found projects:
[2018.09.03-09.52.38:271][666]LogSlate: Window 'Open Project' being destroyed
[2018.09.03-09.52.58:724][126]LogPlayLevel: PlayLevel: No blueprints needed recompiling
[2018.09.03-09.52.58:737][126]PIE: New page: PIE session: StartupMap (3 сент. 2018 г., 13:52:58)
[2018.09.03-09.52.58:737][126]LogPlayLevel: Creating play world package: /Game/VirtualRealityBP/Maps/UEDPIE_0_StartupMap
[2018.09.03-09.52.58:742][126]LogPlayLevel: PIE: StaticDuplicateObject took: (0.004794s)
[2018.09.03-09.52.58:742][126]LogAIModule: Creating AISystem for world StartupMap
[2018.09.03-09.52.58:743][126]LogPlayLevel: PIE: World Init took: (0.000688s)
[2018.09.03-09.52.58:743][126]LogPlayLevel: PIE: Created PIE world by copying editor world from /Game/VirtualRealityBP/Maps/StartupMap.StartupMap to /Game/VirtualRealityBP/Maps/UEDPIE_0_StartupMap.StartupMap (0.005642s)
[2018.09.03-09.52.58:779][126]LogInit: XAudio2 using 'Динамики (Sound Blaster Recon3Di)' : 2 channels at 48 kHz using 32 bits per sample (channel mask 0x3)
[2018.09.03-09.52.58:790][126]LogInit: FAudioDevice initialized.
[2018.09.03-09.52.58:832][126]LogUObjectGlobals: Warning: Failed to find object 'Class None.'
[2018.09.03-09.52.58:832][126]LogLoad: Game class is 'GameModeBase'
[2018.09.03-09.52.58:836][126]LogWorld: Bringing World /Game/VirtualRealityBP/Maps/UEDPIE_0_StartupMap.StartupMap up for play (max tick rate 60) at 2018.09.03-11.52.58
[2018.09.03-09.52.58:836][126]LogWorld: Bringing up level for play took: 0.002516
[2018.09.03-09.52.58:853][126]LogContentBrowser: Native class hierarchy updated for 'MovieSceneCapture' in 0.0003 seconds. Added 10 classes and 0 folders.
[2018.09.03-09.52.58:854][126]PIE: Play in editor start time for /Game/VirtualRealityBP/Maps/UEDPIE_0_StartupMap 0,808
[2018.09.03-09.53.00:235][208]LogSlate: Updating window title bar state: overlay mode, drag disabled, window buttons hidden, title bar hidden
[2018.09.03-09.53.00:271][208]LogPlayLevel: Display: Shutting down PIE online subsystems
[2018.09.03-09.53.00:298][208]LogSlate: Updating window title bar state: overlay mode, drag disabled, window buttons hidden, title bar hidden
[2018.09.03-09.53.00:347][211]LogPlayLevel: Display: Destroying online subsystem :Context_1
[2018.09.03-09.53.04:119][437]LogSlate: Took 0.000233 seconds to synchronously load lazily loaded font '../../../Engine/Content/Slate/Fonts/Roboto-Light.ttf' (167K)
[2018.09.03-09.53.04:131][437]LogAssetEditorManager: Opening Asset editor for World /Game/VirtualRealityBP/Maps/StartupMap.StartupMap
[2018.09.03-09.53.04:153][437]Cmd: MAP LOAD FILE="../../../../../../Users/User/Documents/Unreal Projects/MyProject3/Content/VirtualRealityBP/Maps/StartupMap.umap" TEMPLATE=0 SHOWPROGRESS=1 FEATURELEVEL=3
[2018.09.03-09.53.04:154][437]LightingResults: New page: Lighting Build
[2018.09.03-09.53.04:154][437]LoadErrors: New page: Loading map: StartupMap.umap
[2018.09.03-09.53.04:155][437]MapCheck: New page: Map Check
[2018.09.03-09.53.04:155][437]LightingResults: New page: Lighting Build
[2018.09.03-09.53.04:209][437]LogAIModule: Creating AISystem for world StartupMap
[2018.09.03-09.53.04:268][437]LogEditorServer: Finished looking for orphan Actors (0.000 secs)
[2018.09.03-09.53.04:318][437]Cmd: MAP CHECKDEP NOCLEARLOG
[2018.09.03-09.53.04:389][437]MapCheck: Map check complete: 0 Error(s), 0 Warning(s), took 70,809ms to complete.
[2018.09.03-09.53.04:391][437]LogFileHelpers: Loading map 'StartupMap' took 0.237
[2018.09.03-09.53.07:507][595]LogAIModule: Creating AISystem for world MotionControllerMap
[2018.09.03-09.53.07:515][595]LogAssetEditorManager: Opening Asset editor for World /Game/VirtualRealityBP/Maps/MotionControllerMap.MotionControllerMap
[2018.09.03-09.53.07:542][595]Cmd: MAP LOAD FILE="../../../../../../Users/User/Documents/Unreal Projects/MyProject3/Content/VirtualRealityBP/Maps/MotionControllerMap.umap" TEMPLATE=0 SHOWPROGRESS=1 FEATURELEVEL=3
[2018.09.03-09.53.07:542][595]LightingResults: New page: Lighting Build
[2018.09.03-09.53.07:543][595]LoadErrors: New page: Loading map: MotionControllerMap.umap
[2018.09.03-09.53.07:543][595]MapCheck: New page: Map Check
[2018.09.03-09.53.07:543][595]LightingResults: New page: Lighting Build
[2018.09.03-09.53.07:631][595]LogEditorServer: Finished looking for orphan Actors (0.000 secs)
[2018.09.03-09.53.07:677][595]Cmd: MAP CHECKDEP NOCLEARLOG
[2018.09.03-09.53.07:754][595]MapCheck: Map check complete: 0 Error(s), 0 Warning(s), took 76,721ms to complete.
[2018.09.03-09.53.07:755][595]LogFileHelpers: Loading map 'MotionControllerMap' took 0.214
[2018.09.03-09.53.09:365][681]LogAIModule: Creating AISystem for world HMDLocomotionMap
[2018.09.03-09.53.09:372][681]LogAssetEditorManager: Opening Asset editor for World /Game/VirtualRealityBP/Maps/HMDLocomotionMap.HMDLocomotionMap
[2018.09.03-09.53.09:395][681]Cmd: MAP LOAD FILE="../../../../../../Users/User/Documents/Unreal Projects/MyProject3/Content/VirtualRealityBP/Maps/HMDLocomotionMap.umap" TEMPLATE=0 SHOWPROGRESS=1 FEATURELEVEL=3
[2018.09.03-09.53.09:395][681]LightingResults: New page: Lighting Build
[2018.09.03-09.53.09:396][681]LoadErrors: New page: Loading map: HMDLocomotionMap.umap
[2018.09.03-09.53.09:397][681]MapCheck: New page: Map Check
[2018.09.03-09.53.09:397][681]LightingResults: New page: Lighting Build
[2018.09.03-09.53.09:486][681]LogEditorServer: Finished looking for orphan Actors (0.000 secs)
[2018.09.03-09.53.09:531][681]Cmd: MAP CHECKDEP NOCLEARLOG
[2018.09.03-09.53.09:608][681]MapCheck: Map check complete: 0 Error(s), 0 Warning(s), took 76,668ms to complete.
[2018.09.03-09.53.09:610][681]LogFileHelpers: Loading map 'HMDLocomotionMap' took 0.215
[2018.09.03-09.53.16:322][ 79]Cmd: DELETE
[2018.09.03-09.53.16:322][ 79]Cmd: ACTOR DELETE
[2018.09.03-09.53.16:327][ 79]LogEditorActor: Deleted Actor: Brush
[2018.09.03-09.53.16:367][ 79]LogEditorActor: Deleted 1 Actors (0.046 secs)
[2018.09.03-09.53.16:951][112]Cmd: DELETE
[2018.09.03-09.53.16:951][112]Cmd: ACTOR DELETE
[2018.09.03-09.53.16:955][112]LogEditorActor: Deleted Actor: Brush
[2018.09.03-09.53.16:993][112]LogEditorActor: Deleted 1 Actors (0.041 secs)
[2018.09.03-09.53.18:876][222]Cmd: DELETE
[2018.09.03-09.53.18:876][222]Cmd: ACTOR DELETE
[2018.09.03-09.53.18:879][222]LogEditorActor: Deleted Actor: Brush
[2018.09.03-09.53.18:918][222]LogEditorActor: Deleted 1 Actors (0.042 secs)
[2018.09.03-09.53.19:571][259]Cmd: DELETE
[2018.09.03-09.53.19:571][259]Cmd: ACTOR DELETE
[2018.09.03-09.53.19:574][259]LogEditorActor: Deleted Actor: Brush
[2018.09.03-09.53.19:610][259]LogEditorActor: Deleted 1 Actors (0.039 secs)
[2018.09.03-09.53.23:508][490]LogSlate: FSceneViewport::OnFocusLost() reason 2
[2018.09.03-09.54.00:708][334]LogEditorViewport: Clicking on Actor (LMB): TextRenderActor (TextRenderActor2)
[2018.09.03-09.54.01:844][397]LogEditorViewport: Clicking on Actor (LMB): TextRenderActor (TextRenderActor)
[2018.09.03-09.54.02:883][457]Cmd: DELETE
[2018.09.03-09.54.02:883][457]Cmd: ACTOR DELETE
[2018.09.03-09.54.02:886][457]LogEditorActor: Deleted Actor: TextRenderActor
[2018.09.03-09.54.02:911][457]LogEditorActor: Deleted 1 Actors (0.028 secs)
[2018.09.03-09.54.10:075][882]LogEditorViewport: Clicking on Actor (LMB): TextRenderActor (TextRenderActor2)
[2018.09.03-09.54.11:178][946]Cmd: DELETE
[2018.09.03-09.54.11:178][946]Cmd: ACTOR DELETE
[2018.09.03-09.54.11:181][946]LogEditorActor: Deleted Actor: TextRenderActor
[2018.09.03-09.54.11:204][946]LogEditorActor: Deleted 1 Actors (0.027 secs)
[2018.09.03-09.54.12:945][ 51]LogSlate: FSceneViewport::OnFocusLost() reason 0
[2018.09.03-09.54.13:012][ 55]LogTemp: Repeating last play command: Selected Viewport
[2018.09.03-09.54.13:027][ 55]LogBlueprintUserMessages: Early PlayInEditor Detection: Level '/Game/VirtualRealityBP/Maps/HMDLocomotionMap.HMDLocomotionMap:PersistentLevel' has LevelScriptBlueprint '/Game/VirtualRealityBP/Maps/HMDLocomotionMap.HMDLocomotionMap:PersistentLevel.HMDLocomotionMap' with GeneratedClass '/Game/VirtualRealityBP/Maps/HMDLocomotionMap.HMDLocomotionMap_C' with ClassGeneratedBy '/Game/VirtualRealityBP/Maps/HMDLocomotionMap.HMDLocomotionMap:PersistentLevel.HMDLocomotionMap'
[2018.09.03-09.54.13:027][ 55]LogPlayLevel: PlayLevel: No blueprints needed recompiling
[2018.09.03-09.54.13:028][ 55]PIE: New page: PIE session: HMDLocomotionMap (3 сент. 2018 г., 13:54:13)
[2018.09.03-09.54.13:028][ 55]LogPlayLevel: Creating play world package: /Game/VirtualRealityBP/Maps/UEDPIE_0_HMDLocomotionMap
[2018.09.03-09.54.13:037][ 55]LogPlayLevel: PIE: StaticDuplicateObject took: (0.008947s)
[2018.09.03-09.54.13:037][ 55]LogAIModule: Creating AISystem for world HMDLocomotionMap
[2018.09.03-09.54.13:037][ 55]LogPlayLevel: PIE: World Init took: (0.000610s)
[2018.09.03-09.54.13:037][ 55]LogPlayLevel: PIE: Created PIE world by copying editor world from /Game/VirtualRealityBP/Maps/HMDLocomotionMap.HMDLocomotionMap to /Game/VirtualRealityBP/Maps/UEDPIE_0_HMDLocomotionMap.HMDLocomotionMap (0.009719s)
[2018.09.03-09.54.13:075][ 55]LogInit: XAudio2 using 'Динамики (Sound Blaster Recon3Di)' : 2 channels at 48 kHz using 32 bits per sample (channel mask 0x3)
[2018.09.03-09.54.13:087][ 55]LogInit: FAudioDevice initialized.
[2018.09.03-09.54.13:117][ 55]LogUObjectGlobals: Warning: Failed to find object 'Class None.'
[2018.09.03-09.54.13:118][ 55]LogLoad: Game class is 'GameModeBase'
[2018.09.03-09.54.13:120][ 55]LogWorld: Bringing World /Game/VirtualRealityBP/Maps/UEDPIE_0_HMDLocomotionMap.HMDLocomotionMap up for play (max tick rate 60) at 2018.09.03-11.54.13
[2018.09.03-09.54.13:120][ 55]LogWorld: Bringing up level for play took: 0.001288
[2018.09.03-09.54.13:133][ 55]PIE: Play in editor start time for /Game/VirtualRealityBP/Maps/UEDPIE_0_HMDLocomotionMap 1,087
[2018.09.03-09.54.13:133][ 55]LogBlueprintUserMessages: Late PlayInEditor Detection: Level '/Game/VirtualRealityBP/Maps/HMDLocomotionMap.HMDLocomotionMap:PersistentLevel' has LevelScriptBlueprint '/Game/VirtualRealityBP/Maps/HMDLocomotionMap.HMDLocomotionMap:PersistentLevel.HMDLocomotionMap' with GeneratedClass '/Game/VirtualRealityBP/Maps/HMDLocomotionMap.HMDLocomotionMap_C' with ClassGeneratedBy '/Game/VirtualRealityBP/Maps/HMDLocomotionMap.HMDLocomotionMap:PersistentLevel.HMDLocomotionMap'
[2018.09.03-09.54.16:710][269]LogBlueprintUserMessages: Early EndPlayMap Detection: Level '/Game/VirtualRealityBP/Maps/HMDLocomotionMap.HMDLocomotionMap:PersistentLevel' has LevelScriptBlueprint '/Game/VirtualRealityBP/Maps/HMDLocomotionMap.HMDLocomotionMap:PersistentLevel.HMDLocomotionMap' with GeneratedClass '/Game/VirtualRealityBP/Maps/HMDLocomotionMap.HMDLocomotionMap_C' with ClassGeneratedBy '/Game/VirtualRealityBP/Maps/HMDLocomotionMap.HMDLocomotionMap:PersistentLevel.HMDLocomotionMap'
[2018.09.03-09.54.16:710][269]LogSlate: Updating window title bar state: overlay mode, drag disabled, window buttons hidden, title bar hidden
[2018.09.03-09.54.16:743][269]LogPlayLevel: Display: Shutting down PIE online subsystems
[2018.09.03-09.54.16:743][269]LogBlueprintUserMessages: Late EndPlayMap Detection: Level '/Game/VirtualRealityBP/Maps/HMDLocomotionMap.HMDLocomotionMap:PersistentLevel' has LevelScriptBlueprint '/Game/VirtualRealityBP/Maps/HMDLocomotionMap.HMDLocomotionMap:PersistentLevel.HMDLocomotionMap' with GeneratedClass '/Game/VirtualRealityBP/Maps/HMDLocomotionMap.HMDLocomotionMap_C' with ClassGeneratedBy '/Game/VirtualRealityBP/Maps/HMDLocomotionMap.HMDLocomotionMap:PersistentLevel.HMDLocomotionMap'
[2018.09.03-09.54.16:770][269]LogSlate: Updating window title bar state: overlay mode, drag disabled, window buttons hidden, title bar hidden
[2018.09.03-09.54.16:823][272]LogPlayLevel: Display: Destroying online subsystem :Context_3
[2018.09.03-09.54.19:677][443]LogEditorViewport: Clicking on Actor (LMB): HMDLocomotionPawn_C (HMDLocomotionPawn)
[2018.09.03-09.54.25:815][797]LogSlate: FSceneViewport::OnFocusLost() reason 0
[2018.09.03-09.54.25:898][802]LogTemp: Repeating last play command: Selected Viewport
[2018.09.03-09.54.25:913][802]LogBlueprintUserMessages: Early PlayInEditor Detection: Level '/Game/VirtualRealityBP/Maps/HMDLocomotionMap.HMDLocomotionMap:PersistentLevel' has LevelScriptBlueprint '/Game/VirtualRealityBP/Maps/HMDLocomotionMap.HMDLocomotionMap:PersistentLevel.HMDLocomotionMap' with GeneratedClass '/Game/VirtualRealityBP/Maps/HMDLocomotionMap.HMDLocomotionMap_C' with ClassGeneratedBy '/Game/VirtualRealityBP/Maps/HMDLocomotionMap.HMDLocomotionMap:PersistentLevel.HMDLocomotionMap'
[2018.09.03-09.54.25:913][802]LogPlayLevel: PlayLevel: No blueprints needed recompiling
[2018.09.03-09.54.25:913][802]PIE: New page: PIE session: HMDLocomotionMap (3 сент. 2018 г., 13:54:25)
[2018.09.03-09.54.25:913][802]LogPlayLevel: Creating play world package: /Game/VirtualRealityBP/Maps/UEDPIE_0_HMDLocomotionMap
[2018.09.03-09.54.25:922][802]LogPlayLevel: PIE: StaticDuplicateObject took: (0.008766s)
[2018.09.03-09.54.25:922][802]LogAIModule: Creating AISystem for world HMDLocomotionMap
[2018.09.03-09.54.25:923][802]LogPlayLevel: PIE: World Init took: (0.000903s)
[2018.09.03-09.54.25:923][802]LogPlayLevel: PIE: Created PIE world by copying editor world from /Game/VirtualRealityBP/Maps/HMDLocomotionMap.HMDLocomotionMap to /Game/VirtualRealityBP/Maps/UEDPIE_0_HMDLocomotionMap.HMDLocomotionMap (0.009847s)
[2018.09.03-09.54.25:961][802]LogInit: XAudio2 using 'Динамики (Sound Blaster Recon3Di)' : 2 channels at 48 kHz using 32 bits per sample (channel mask 0x3)
[2018.09.03-09.54.25:972][802]LogInit: FAudioDevice initialized.
[2018.09.03-09.54.26:007][802]LogUObjectGlobals: Warning: Failed to find object 'Class None.'
[2018.09.03-09.54.26:007][802]LogLoad: Game class is 'GameModeBase'
[2018.09.03-09.54.26:009][802]LogWorld: Bringing World /Game/VirtualRealityBP/Maps/UEDPIE_0_HMDLocomotionMap.HMDLocomotionMap up for play (max tick rate 60) at 2018.09.03-11.54.26
[2018.09.03-09.54.26:009][802]LogWorld: Bringing up level for play took: 0.001278
[2018.09.03-09.54.26:022][802]PIE: Play in editor start time for /Game/VirtualRealityBP/Maps/UEDPIE_0_HMDLocomotionMap -0,024
[2018.09.03-09.54.26:030][802]LogBlueprintUserMessages: Late PlayInEditor Detection: Level '/Game/VirtualRealityBP/Maps/HMDLocomotionMap.HMDLocomotionMap:PersistentLevel' has LevelScriptBlueprint '/Game/VirtualRealityBP/Maps/HMDLocomotionMap.HMDLocomotionMap:PersistentLevel.HMDLocomotionMap' with GeneratedClass '/Game/VirtualRealityBP/Maps/HMDLocomotionMap.HMDLocomotionMap_C' with ClassGeneratedBy '/Game/VirtualRealityBP/Maps/HMDLocomotionMap.HMDLocomotionMap:PersistentLevel.HMDLocomotionMap'
[2018.09.03-09.54.28:155][928]LogBlueprintUserMessages: Early EndPlayMap Detection: Level '/Game/VirtualRealityBP/Maps/HMDLocomotionMap.HMDLocomotionMap:PersistentLevel' has LevelScriptBlueprint '/Game/VirtualRealityBP/Maps/HMDLocomotionMap.HMDLocomotionMap:PersistentLevel.HMDLocomotionMap' with GeneratedClass '/Game/VirtualRealityBP/Maps/HMDLocomotionMap.HMDLocomotionMap_C' with ClassGeneratedBy '/Game/VirtualRealityBP/Maps/HMDLocomotionMap.HMDLocomotionMap:PersistentLevel.HMDLocomotionMap'
[2018.09.03-09.54.28:155][928]LogSlate: Updating window title bar state: overlay mode, drag disabled, window buttons hidden, title bar hidden
[2018.09.03-09.54.28:190][928]LogPlayLevel: Display: Shutting down PIE online subsystems
[2018.09.03-09.54.28:190][928]LogBlueprintUserMessages: Late EndPlayMap Detection: Level '/Game/VirtualRealityBP/Maps/HMDLocomotionMap.HMDLocomotionMap:PersistentLevel' has LevelScriptBlueprint '/Game/VirtualRealityBP/Maps/HMDLocomotionMap.HMDLocomotionMap:PersistentLevel.HMDLocomotionMap' with GeneratedClass '/Game/VirtualRealityBP/Maps/HMDLocomotionMap.HMDLocomotionMap_C' with ClassGeneratedBy '/Game/VirtualRealityBP/Maps/HMDLocomotionMap.HMDLocomotionMap:PersistentLevel.HMDLocomotionMap'
[2018.09.03-09.54.28:217][928]LogSlate: Updating window title bar state: overlay mode, drag disabled, window buttons hidden, title bar hidden
[2018.09.03-09.54.28:255][930]LogPlayLevel: Display: Destroying online subsystem :Context_4
[2018.09.03-09.54.33:719][257]LogEditorViewport: Clicking on Actor (LMB): BP_Sky_Sphere_C (SkySphereBlueprint)
[2018.09.03-09.54.42:560][783]LogEditorViewport: Clicking on Actor (LMB): BP_Sky_Sphere_C (SkySphereBlueprint)
[2018.09.03-09.54.44:379][888]Cmd: EDIT COPY
[2018.09.03-09.54.44:946][922]Cmd: EDIT PASTE
[2018.09.03-09.54.54:809][503]LogSlate: FSceneViewport::OnFocusLost() reason 0
[2018.09.03-09.55.08:088][293]LogSlate: FSceneViewport::OnFocusLost() reason 2
[2018.09.03-09.55.24:278][253]LogSlate: FSceneViewport::OnFocusLost() reason 0
[2018.09.03-09.55.28:002][476]LogSlate: FSceneViewport::OnFocusLost() reason 0
[2018.09.03-09.55.42:986][374]LogSlate: FSceneViewport::OnFocusLost() reason 0
[2018.09.03-09.55.43:052][378]LogTemp: Repeating last play command: Selected Viewport
[2018.09.03-09.55.43:066][378]LogBlueprintUserMessages: Early PlayInEditor Detection: Level '/Game/VirtualRealityBP/Maps/HMDLocomotionMap.HMDLocomotionMap:PersistentLevel' has LevelScriptBlueprint '/Game/VirtualRealityBP/Maps/HMDLocomotionMap.HMDLocomotionMap:PersistentLevel.HMDLocomotionMap' with GeneratedClass '/Game/VirtualRealityBP/Maps/HMDLocomotionMap.HMDLocomotionMap_C' with ClassGeneratedBy '/Game/VirtualRealityBP/Maps/HMDLocomotionMap.HMDLocomotionMap:PersistentLevel.HMDLocomotionMap'
[2018.09.03-09.55.43:066][378]LogPlayLevel: PlayLevel: No blueprints needed recompiling
[2018.09.03-09.55.43:066][378]PIE: New page: PIE session: HMDLocomotionMap (3 сент. 2018 г., 13:55:43)
[2018.09.03-09.55.43:067][378]LogPlayLevel: Creating play world package: /Game/VirtualRealityBP/Maps/UEDPIE_0_HMDLocomotionMap
[2018.09.03-09.55.43:083][378]LogPlayLevel: PIE: StaticDuplicateObject took: (0.016119s)
[2018.09.03-09.55.43:084][378]LogAIModule: Creating AISystem for world HMDLocomotionMap
[2018.09.03-09.55.43:084][378]LogPlayLevel: PIE: World Init took: (0.000962s)
[2018.09.03-09.55.43:084][378]LogPlayLevel: PIE: Created PIE world by copying editor world from /Game/VirtualRealityBP/Maps/HMDLocomotionMap.HMDLocomotionMap to /Game/VirtualRealityBP/Maps/UEDPIE_0_HMDLocomotionMap.HMDLocomotionMap (0.017286s)
[2018.09.03-09.55.43:124][378]LogInit: XAudio2 using 'Динамики (Sound Blaster Recon3Di)' : 2 channels at 48 kHz using 32 bits per sample (channel mask 0x3)
[2018.09.03-09.55.43:135][378]LogInit: FAudioDevice initialized.
[2018.09.03-09.55.43:164][378]LogUObjectGlobals: Warning: Failed to find object 'Class None.'
[2018.09.03-09.55.43:164][378]LogLoad: Game class is 'GameModeBase'
[2018.09.03-09.55.43:167][378]LogWorld: Bringing World /Game/VirtualRealityBP/Maps/UEDPIE_0_HMDLocomotionMap.HMDLocomotionMap up for play (max tick rate 60) at 2018.09.03-11.55.43
[2018.09.03-09.55.43:167][378]LogWorld: Bringing up level for play took: 0.001800
[2018.09.03-09.55.43:180][378]PIE: Play in editor start time for /Game/VirtualRealityBP/Maps/UEDPIE_0_HMDLocomotionMap -0,867
[2018.09.03-09.55.43:187][378]LogBlueprintUserMessages: Late PlayInEditor Detection: Level '/Game/VirtualRealityBP/Maps/HMDLocomotionMap.HMDLocomotionMap:PersistentLevel' has LevelScriptBlueprint '/Game/VirtualRealityBP/Maps/HMDLocomotionMap.HMDLocomotionMap:PersistentLevel.HMDLocomotionMap' with GeneratedClass '/Game/VirtualRealityBP/Maps/HMDLocomotionMap.HMDLocomotionMap_C' with ClassGeneratedBy '/Game/VirtualRealityBP/Maps/HMDLocomotionMap.HMDLocomotionMap:PersistentLevel.HMDLocomotionMap'
[2018.09.03-09.55.47:825][655]LogSlate: FSceneViewport::OnFocusLost() reason 2
[2018.09.03-09.55.50:909][840]LogSlate: FSceneViewport::OnFocusLost() reason 2
[2018.09.03-09.55.53:311][984]LogBlueprintUserMessages: Early EndPlayMap Detection: Level '/Game/VirtualRealityBP/Maps/HMDLocomotionMap.HMDLocomotionMap:PersistentLevel' has LevelScriptBlueprint '/Game/VirtualRealityBP/Maps/HMDLocomotionMap.HMDLocomotionMap:PersistentLevel.HMDLocomotionMap' with GeneratedClass '/Game/VirtualRealityBP/Maps/HMDLocomotionMap.HMDLocomotionMap_C' with ClassGeneratedBy '/Game/VirtualRealityBP/Maps/HMDLocomotionMap.HMDLocomotionMap:PersistentLevel.HMDLocomotionMap'
[2018.09.03-09.55.53:311][984]LogSlate: Updating window title bar state: overlay mode, drag disabled, window buttons hidden, title bar hidden
[2018.09.03-09.55.53:345][984]LogPlayLevel: Display: Shutting down PIE online subsystems
[2018.09.03-09.55.53:345][984]LogBlueprintUserMessages: Late EndPlayMap Detection: Level '/Game/VirtualRealityBP/Maps/HMDLocomotionMap.HMDLocomotionMap:PersistentLevel' has LevelScriptBlueprint '/Game/VirtualRealityBP/Maps/HMDLocomotionMap.HMDLocomotionMap:PersistentLevel.HMDLocomotionMap' with GeneratedClass '/Game/VirtualRealityBP/Maps/HMDLocomotionMap.HMDLocomotionMap_C' with ClassGeneratedBy '/Game/VirtualRealityBP/Maps/HMDLocomotionMap.HMDLocomotionMap:PersistentLevel.HMDLocomotionMap'
[2018.09.03-09.55.53:372][984]LogSlate: Updating window title bar state: overlay mode, drag disabled, window buttons hidden, title bar hidden
[2018.09.03-09.55.53:411][986]LogPlayLevel: Display: Destroying online subsystem :Context_5
[2018.09.03-09.56.23:641][796]LogSlate: FSceneViewport::OnFocusLost() reason 0
[2018.09.03-09.56.29:159][119]LogSlate: FSceneViewport::OnFocusLost() reason 0
[2018.09.03-09.56.31:342][248]LogSlate: FSceneViewport::OnFocusLost() reason 0
[2018.09.03-09.56.38:485][669]LogSlate: FSceneViewport::OnFocusLost() reason 0
[2018.09.03-09.56.44:064][998]LogSlate: FSceneViewport::OnFocusLost() reason 0
[2018.09.03-09.56.49:135][301]LogSlate: FSceneViewport::OnFocusLost() reason 0
[2018.09.03-09.56.51:143][421]LogSlate: FSceneViewport::OnFocusLost() reason 0
[2018.09.03-09.56.54:965][650]LogSlate: FSceneViewport::OnFocusLost() reason 0
[2018.09.03-09.56.55:032][653]LogMaterial: Display: Missing cached shader map for material M_Wood_Floor_Walnut_Worn, compiling. 
[2018.09.03-09.56.55:110][653]LogShaderCompilers: Display: Shaders left to compile 31
[2018.09.03-09.56.55:110][653]LogShaderCompilers: Display: Shaders left to compile 21
[2018.09.03-09.56.55:110][653]LogShaderCompilers: Display: Shaders left to compile 11
[2018.09.03-09.56.55:110][653]LogShaderCompilers: Display: Shaders left to compile 1
[2018.09.03-09.56.57:965][819]LogSlate: FSceneViewport::OnFocusLost() reason 0
[2018.09.03-09.56.58:089][826]LogMaterial: Display: Missing cached shader map for material M_Wood_Floor_Walnut_Polished, compiling. 
[2018.09.03-09.56.58:116][826]LogShaderCompilers: Display: Shaders left to compile 31
[2018.09.03-09.56.58:116][826]LogShaderCompilers: Display: Shaders left to compile 21
[2018.09.03-09.56.59:670][919]LogShaderCompilers: Display: Shaders left to compile 11
[2018.09.03-09.56.59:952][935]LogShaderCompilers: Display: Shaders left to compile 1
[2018.09.03-09.57.03:908][162]LogSlate: FSceneViewport::OnFocusLost() reason 0
[2018.09.03-09.57.03:969][165]LogMaterial: Display: Missing cached shader map for material M_Wood_Walnut, compiling. 
[2018.09.03-09.57.03:992][165]LogShaderCompilers: Display: Shaders left to compile 31
[2018.09.03-09.57.03:992][165]LogShaderCompilers: Display: Shaders left to compile 21
[2018.09.03-09.57.03:992][165]LogShaderCompilers: Display: Shaders left to compile 11
[2018.09.03-09.57.03:992][165]LogShaderCompilers: Display: Shaders left to compile 1
[2018.09.03-09.57.07:202][354]LogSlate: FSceneViewport::OnFocusLost() reason 0
[2018.09.03-09.57.08:563][432]LogSlate: FSceneViewport::OnFocusLost() reason 0
[2018.09.03-09.57.11:633][613]LogSlate: FSceneViewport::OnFocusLost() reason 0
[2018.09.03-09.57.15:957][868]LogEditorViewport: Clicking on Actor (LMB): BP_Sky_Sphere_C (SkySphereBlueprint)
[2018.09.03-09.57.24:055][351]LogSlate: FSceneViewport::OnFocusLost() reason 0
[2018.09.03-09.57.26:029][466]LogSlate: FSceneViewport::OnFocusLost() reason 0
[2018.09.03-09.57.29:410][668]LogSlate: FSceneViewport::OnFocusLost() reason 0
[2018.09.03-09.57.32:818][870]LogSlate: FSceneViewport::OnFocusLost() reason 0
[2018.09.03-09.57.36:660][ 98]LogSlate: FSceneViewport::OnFocusLost() reason 0
[2018.09.03-09.57.38:486][206]LogSlate: FSceneViewport::OnFocusLost() reason 0
[2018.09.03-09.57.41:441][383]LogSlate: FSceneViewport::OnFocusLost() reason 0
[2018.09.03-09.57.51:753][  0]LogSlate: FSceneViewport::OnFocusLost() reason 0
[2018.09.03-09.57.53:500][ 40]LogSlate: FSceneViewport::OnFocusLost() reason 0
[2018.09.03-09.57.55:836][180]LogSlate: FSceneViewport::OnFocusLost() reason 0
[2018.09.03-09.57.57:796][297]LogSlate: FSceneViewport::OnFocusLost() reason 0
[2018.09.03-09.58.04:296][686]LogSlate: FSceneViewport::OnFocusLost() reason 0
[2018.09.03-09.58.06:320][805]LogSlate: FSceneViewport::OnFocusLost() reason 0
[2018.09.03-09.58.07:914][899]LogSlate: FSceneViewport::OnFocusLost() reason 0
[2018.09.03-09.58.14:330][283]LogSlate: FSceneViewport::OnFocusLost() reason 0
[2018.09.03-09.58.32:533][371]LogSlate: FSceneViewport::OnFocusLost() reason 2
[2018.09.03-09.58.35:501][548]LogSlate: FSceneViewport::OnFocusLost() reason 2
[2018.09.03-09.58.39:481][548]LogSlate: Window 'Save Level As' being destroyed
[2018.09.03-09.58.40:349][600]LogSlate: FSceneViewport::OnFocusLost() reason 0
[2018.09.03-09.58.40:666][606]LogSavePackage: Moving '../../../../../../Users/User/Documents/Unreal Projects/MyProject3/Saved/HMDLocomotionMap47199AE3426E2779B46BD196A7E687A7.tmp' to '../../../../../../Users/User/Documents/Unreal Projects/MyProject3/Content/VirtualRealityBP/Maps/HMDLocomotionMap.umap'
[2018.09.03-09.58.40:960][606]LogSavePackage: Moving '../../../../../../Users/User/Documents/Unreal Projects/MyProject3/Saved/HMDLocomotionMap_BuiltData7F0ADA0445FB3D929DCB559D0F32BD1F.tmp' to '../../../../../../Users/User/Documents/Unreal Projects/MyProject3/Content/VirtualRealityBP/Maps/HMDLocomotionMap_BuiltData.uasset'
[2018.09.03-09.58.55:680][ 74]LogSlate: Window 'Save Level As' being destroyed
[2018.09.03-09.59.08:553][832]LogSavePackage: Moving '../../../../../../Users/User/Documents/Unreal Projects/MyProject3/Saved/HMDLocomotionMapBCCA77124140EA296D83EF81878C17BD.tmp' to '../../../../../../Users/User/Documents/Unreal Projects/MyProject3/Content/VirtualRealityBP/Maps/HMDLocomotionMap.umap'
[2018.09.03-09.59.08:760][832]LogSavePackage: Moving '../../../../../../Users/User/Documents/Unreal Projects/MyProject3/Saved/HMDLocomotionMap_BuiltDataC5AD2CE747EF7E825C27B6A5557609A9.tmp' to '../../../../../../Users/User/Documents/Unreal Projects/MyProject3/Content/VirtualRealityBP/Maps/HMDLocomotionMap_BuiltData.uasset'
[2018.09.03-09.59.13:518][ 17]LogSlate: Window 'MyProject3 - Unreal Editor' being destroyed
[2018.09.03-09.59.13:738][ 18]Cmd: QUIT_EDITOR
[2018.09.03-09.59.14:520][ 18]LogWindowsTextInputMethodSystem: Display: IME system now deactivated.
[2018.09.03-09.59.14:533][ 18]LogExit: Preparing to exit.
[2018.09.03-09.59.14:994][ 18]LogExit: Editor shut down
[2018.09.03-09.59.14:995][ 18]LogExit: Transaction tracking system shut down
[2018.09.03-09.59.15:695][ 18]LogExit: Object subsystem successfully closed.
[2018.09.03-09.59.15:719][ 18]LogShaderCompilers: Display: Shaders left to compile 0
[2018.09.03-09.59.15:722][ 18]LogD3D11RHI: Shutdown
[2018.09.03-09.59.15:722][ 18]LogD3D11RHI: CleanupD3DDevice
[2018.09.03-09.59.15:724][ 18]LogD3D11RHI: ~FD3D11DynamicRHI
[2018.09.03-09.59.15:752][ 18]LogModuleManager: Shutting down and abandoning module MovieSceneCapture (614)
[2018.09.03-09.59.15:752][ 18]LogModuleManager: Shutting down and abandoning module Voice (612)
[2018.09.03-09.59.15:752][ 18]LogModuleManager: Shutting down and abandoning module HierarchicalLODOutliner (610)
[2018.09.03-09.59.15:752][ 18]LogModuleManager: Shutting down and abandoning module SceneOutliner (608)
[2018.09.03-09.59.15:752][ 18]LogModuleManager: Shutting down and abandoning module AddContentDialog (606)
[2018.09.03-09.59.15:753][ 18]LogModuleManager: Shutting down and abandoning module WidgetCarousel (605)
[2018.09.03-09.59.15:753][ 18]LogModuleManager: Shutting down and abandoning module EditorWidgets (602)
[2018.09.03-09.59.15:753][ 18]LogModuleManager: Shutting down and abandoning module CollectionManager (600)
[2018.09.03-09.59.15:753][ 18]LogModuleManager: Shutting down and abandoning module StatsViewer (598)
[2018.09.03-09.59.15:753][ 18]LogModuleManager: Shutting down and abandoning module FoliageEdit (596)
[2018.09.03-09.59.15:753][ 18]LogModuleManager: Shutting down and abandoning module LandscapeEditor (594)
[2018.09.03-09.59.15:753][ 18]LogModuleManager: Shutting down and abandoning module MeshPaintMode (592)
[2018.09.03-09.59.15:753][ 18]LogModuleManager: Shutting down and abandoning module SceneDepthPickerMode (590)
[2018.09.03-09.59.15:753][ 18]LogModuleManager: Shutting down and abandoning module ActorPickerMode (588)
[2018.09.03-09.59.15:753][ 18]LogModuleManager: Shutting down and abandoning module GeometryMode (586)
[2018.09.03-09.59.15:753][ 18]LogModuleManager: Shutting down and abandoning module TextureAlignMode (584)
[2018.09.03-09.59.15:753][ 18]LogModuleManager: Shutting down and abandoning module BspMode (582)
[2018.09.03-09.59.15:753][ 18]LogModuleManager: Shutting down and abandoning module PIEPreviewDeviceProfileSelector (580)
[2018.09.03-09.59.15:753][ 18]LogModuleManager: Shutting down and abandoning module SequenceRecorderSections (578)
[2018.09.03-09.59.15:753][ 18]LogModuleManager: Shutting down and abandoning module AutomationWorker (576)
[2018.09.03-09.59.15:754][ 18]LogModuleManager: Shutting down and abandoning module AudioCaptureEditor (574)
[2018.09.03-09.59.15:754][ 18]LogModuleManager: Shutting down and abandoning module SequenceRecorder (573)
[2018.09.03-09.59.15:754][ 18]LogModuleManager: Shutting down and abandoning module MatineeToLevelSequence (570)
[2018.09.03-09.59.15:754][ 18]LogModuleManager: Shutting down and abandoning module LevelSequenceEditor (568)
[2018.09.03-09.59.15:754][ 18]LogModuleManager: Shutting down and abandoning module PlacementMode (567)
[2018.09.03-09.59.15:754][ 18]LogModuleManager: Shutting down and abandoning module MaterialEditor (566)
[2018.09.03-09.59.15:754][ 18]LogModuleManager: Shutting down and abandoning module WmfMediaFactory (562)
[2018.09.03-09.59.15:754][ 18]LogModuleManager: Shutting down and abandoning module WmfMediaEditor (560)
[2018.09.03-09.59.15:754][ 18]LogModuleManager: Shutting down and abandoning module MediaPlayerEditor (558)
[2018.09.03-09.59.15:754][ 18]LogModuleManager: Shutting down and abandoning module OpenExrWrapper (556)
[2018.09.03-09.59.15:754][ 18]LogModuleManager: Shutting down and abandoning module ImgMediaFactory (554)
[2018.09.03-09.59.15:754][ 18]LogModuleManager: Shutting down and abandoning module ImgMediaEditor (552)
[2018.09.03-09.59.15:754][ 18]LogModuleManager: Shutting down and abandoning module AvfMediaFactory (550)
[2018.09.03-09.59.15:754][ 18]LogModuleManager: Shutting down and abandoning module AvfMediaEditor (548)
[2018.09.03-09.59.15:754][ 18]LogModuleManager: Shutting down and abandoning module AndroidMediaFactory (546)
[2018.09.03-09.59.15:754][ 18]LogModuleManager: Shutting down and abandoning module AndroidMediaEditor (544)
[2018.09.03-09.59.15:754][ 18]LogModuleManager: Shutting down and abandoning module MagicLeapCameraPreviewFactory (542)
[2018.09.03-09.59.15:754][ 18]LogModuleManager: Shutting down and abandoning module MagicLeapMediaFactory (540)
[2018.09.03-09.59.15:754][ 18]LogModuleManager: Shutting down and abandoning module MagicLeapMediaEditor (538)
[2018.09.03-09.59.15:754][ 18]LogModuleManager: Shutting down and abandoning module CharacterAI (536)
[2018.09.03-09.59.15:754][ 18]LogModuleManager: Shutting down and abandoning module SmartSnapping (534)
[2018.09.03-09.59.15:754][ 18]LogModuleManager: Shutting down and abandoning module SessionServices (532)
[2018.09.03-09.59.15:754][ 18]LogModuleManager: Shutting down and abandoning module ViewportSnapping (530)
[2018.09.03-09.59.15:754][ 18]LogModuleManager: Shutting down and abandoning module ViewportInteraction (528)
[2018.09.03-09.59.15:754][ 18]LogModuleManager: Shutting down and abandoning module ClothPainter (526)
[2018.09.03-09.59.15:755][ 18]LogModuleManager: Shutting down and abandoning module SkeletalMeshEditor (525)
[2018.09.03-09.59.15:755][ 18]LogModuleManager: Shutting down and abandoning module LogVisualizer (522)
[2018.09.03-09.59.15:755][ 18]LogModuleManager: Shutting down and abandoning module IntroTutorials (520)
[2018.09.03-09.59.15:755][ 18]LogModuleManager: Shutting down and abandoning module GameProjectGeneration (519)
[2018.09.03-09.59.15:755][ 18]LogModuleManager: Shutting down and abandoning module LuminPlatformEditor (516)
[2018.09.03-09.59.15:755][ 18]LogModuleManager: Shutting down and abandoning module IOSPlatformEditor (514)
[2018.09.03-09.59.15:755][ 18]LogModuleManager: Shutting down and abandoning module HTML5PlatformEditor (512)
[2018.09.03-09.59.15:755][ 18]LogModuleManager: Shutting down and abandoning module AndroidPlatformEditor (510)
[2018.09.03-09.59.15:755][ 18]LogModuleManager: Shutting down and abandoning module AndroidDeviceDetection (509)
[2018.09.03-09.59.16:061][ 18]LogModuleManager: Shutting down and abandoning module WindowsPlatformEditor (506)
[2018.09.03-09.59.16:061][ 18]LogModuleManager: Shutting down and abandoning module LuminRuntimeSettings (504)
[2018.09.03-09.59.16:061][ 18]LogModuleManager: Shutting down and abandoning module IOSRuntimeSettings (502)
[2018.09.03-09.59.16:061][ 18]LogModuleManager: Shutting down and abandoning module AndroidRuntimeSettings (500)
[2018.09.03-09.59.16:061][ 18]LogModuleManager: Shutting down and abandoning module InputBindingEditor (498)
[2018.09.03-09.59.16:062][ 18]LogModuleManager: Shutting down and abandoning module MergeActors (496)
[2018.09.03-09.59.16:062][ 18]LogModuleManager: Shutting down and abandoning module LocalizationDashboard (494)
[2018.09.03-09.59.16:062][ 18]LogModuleManager: Shutting down and abandoning module LocalizationService (493)
[2018.09.03-09.59.16:062][ 18]LogModuleManager: Shutting down and abandoning module HardwareTargeting (490)
[2018.09.03-09.59.16:062][ 18]LogModuleManager: Shutting down and abandoning module DeviceProfileEditor (488)
[2018.09.03-09.59.16:062][ 18]LogModuleManager: Shutting down and abandoning module UndoHistory (486)
[2018.09.03-09.59.16:062][ 18]LogModuleManager: Shutting down and abandoning module XmlParser (484)
[2018.09.03-09.59.16:062][ 18]LogModuleManager: Shutting down and abandoning module Blutility (482)
[2018.09.03-09.59.16:062][ 18]LogModuleManager: Shutting down and abandoning module ProjectSettingsViewer (480)
[2018.09.03-09.59.16:062][ 18]LogModuleManager: Shutting down and abandoning module ProjectTargetPlatformEditor (479)
[2018.09.03-09.59.16:062][ 18]LogModuleManager: Shutting down and abandoning module EditorSettingsViewer (476)
[2018.09.03-09.59.16:062][ 18]LogModuleManager: Shutting down and abandoning module SettingsEditor (474)
[2018.09.03-09.59.16:062][ 18]LogModuleManager: Shutting down and abandoning module ProjectLauncher (472)
[2018.09.03-09.59.16:062][ 18]LogModuleManager: Shutting down and abandoning module SessionFrontend (470)
[2018.09.03-09.59.16:062][ 18]LogModuleManager: Shutting down and abandoning module ProfilerClient (468)
[2018.09.03-09.59.16:062][ 18]LogModuleManager: Shutting down and abandoning module DeviceManager (466)
[2018.09.03-09.59.16:062][ 18]LogModuleManager: Shutting down and abandoning module TargetDeviceServices (465)
[2018.09.03-09.59.16:118][ 18]LogModuleManager: Shutting down and abandoning module AutomationController (462)
[2018.09.03-09.59.16:118][ 18]LogModuleManager: Shutting down and abandoning module AutomationWindow (460)
[2018.09.03-09.59.16:118][ 18]LogModuleManager: Shutting down and abandoning module Layers (458)
[2018.09.03-09.59.16:118][ 18]LogModuleManager: Shutting down and abandoning module ComponentVisualizers (456)
[2018.09.03-09.59.16:118][ 18]LogModuleManager: Shutting down and abandoning module DetailCustomizations (454)
[2018.09.03-09.59.16:118][ 18]LogModuleManager: Shutting down and abandoning module PackagesDialog (452)
[2018.09.03-09.59.16:118][ 18]LogModuleManager: Shutting down and abandoning module Persona (450)
[2018.09.03-09.59.16:118][ 18]LogModuleManager: Shutting down and abandoning module AdvancedPreviewScene (449)
[2018.09.03-09.59.16:118][ 18]LogModuleManager: Shutting down and abandoning module AnimGraph (447)
[2018.09.03-09.59.16:118][ 18]LogModuleManager: Shutting down and abandoning module Kismet (444)
[2018.09.03-09.59.16:119][ 18]LogModuleManager: Shutting down and abandoning module GraphEditor (442)
[2018.09.03-09.59.16:119][ 18]LogModuleManager: Shutting down and abandoning module ClassViewer (440)
[2018.09.03-09.59.16:119][ 18]LogModuleManager: Shutting down and abandoning module Toolbox (438)
[2018.09.03-09.59.16:119][ 18]LogModuleManager: Shutting down and abandoning module ModuleUI (436)
[2018.09.03-09.59.16:119][ 18]LogModuleManager: Shutting down and abandoning module MovieSceneTools (434)
[2018.09.03-09.59.16:119][ 18]LogModuleManager: Shutting down and abandoning module OutputLog (432)
[2018.09.03-09.59.16:119][ 18]LogModuleManager: Shutting down and abandoning module GammaUI (430)
[2018.09.03-09.59.16:119][ 18]LogModuleManager: Shutting down and abandoning module Documentation (428)
[2018.09.03-09.59.16:119][ 18]LogModuleManager: Shutting down and abandoning module MovieSceneTracks (426)
[2018.09.03-09.59.16:119][ 18]LogModuleManager: Shutting down and abandoning module MovieScene (424)
[2018.09.03-09.59.16:119][ 18]LogModuleManager: Shutting down and abandoning module StreamingPauseRendering (422)
[2018.09.03-09.59.16:119][ 18]LogModuleManager: Shutting down and abandoning module LauncherPlatform (420)
[2018.09.03-09.59.16:119][ 18]LogModuleManager: Shutting down and abandoning module AnalyticsET (418)
[2018.09.03-09.59.16:119][ 18]LogModuleManager: Shutting down and abandoning module PortalServices (416)
[2018.09.03-09.59.16:119][ 18]LogModuleManager: Shutting down and abandoning module PortalRpc (414)
[2018.09.03-09.59.16:119][ 18]LogModuleManager: Shutting down and abandoning module MessagingRpc (412)
[2018.09.03-09.59.16:119][ 18]LogModuleManager: Shutting down and abandoning module AIModule (410)
[2018.09.03-09.59.16:119][ 18]LogModuleManager: Shutting down and abandoning module GameplayDebugger (409)
[2018.09.03-09.59.16:119][ 18]LogModuleManager: Shutting down and abandoning module AITestSuite (407)
[2018.09.03-09.59.16:119][ 18]LogModuleManager: Shutting down and abandoning module NavigationSystem (405)
[2018.09.03-09.59.16:119][ 18]LogModuleManager: Shutting down and abandoning module DesktopPlatform (402)
[2018.09.03-09.59.16:119][ 18]LogModuleManager: Shutting down and abandoning module ProfilerService (400)
[2018.09.03-09.59.16:241][ 18]LogModuleManager: Shutting down and abandoning module TaskGraph (398)
[2018.09.03-09.59.16:241][ 18]LogModuleManager: Shutting down and abandoning module SteamVRController (396)
[2018.09.03-09.59.16:241][ 18]LogModuleManager: Shutting down and abandoning module ProceduralMeshComponentEditor (394)
[2018.09.03-09.59.16:241][ 18]LogModuleManager: Shutting down and abandoning module ProceduralMeshComponent (392)
[2018.09.03-09.59.16:241][ 18]LogModuleManager: Shutting down and abandoning module OculusInput (390)
[2018.09.03-09.59.16:241][ 18]LogModuleManager: Shutting down and abandoning module MobilePatchingUtils (388)
[2018.09.03-09.59.16:241][ 18]LogModuleManager: Shutting down and abandoning module EditableMesh (386)
[2018.09.03-09.59.16:241][ 18]LogModuleManager: Shutting down and abandoning module CustomMeshComponent (384)
[2018.09.03-09.59.16:241][ 18]LogModuleManager: Shutting down and abandoning module CableComponent (382)
[2018.09.03-09.59.16:241][ 18]LogModuleManager: Shutting down and abandoning module AudioCapture (380)
[2018.09.03-09.59.16:241][ 18]LogModuleManager: Shutting down and abandoning module ArchVisCharacter (378)
[2018.09.03-09.59.16:241][ 18]LogModuleManager: Shutting down and abandoning module AndroidPermission (376)
[2018.09.03-09.59.16:242][ 18]LogModuleManager: Shutting down and abandoning module NUTUnrealEngine4 (374)
[2018.09.03-09.59.16:242][ 18]LogModuleManager: Shutting down and abandoning module NetcodeUnitTest (372)
[2018.09.03-09.59.16:242][ 18]LogModuleManager: Shutting down and abandoning module MediaCompositingEditor (370)
[2018.09.03-09.59.16:242][ 18]LogModuleManager: Shutting down and abandoning module MediaCompositing (368)
[2018.09.03-09.59.16:242][ 18]LogModuleManager: Shutting down and abandoning module LinearTimecode (366)
[2018.09.03-09.59.16:242][ 18]LogModuleManager: Shutting down and abandoning module ImgMedia (364)
[2018.09.03-09.59.16:246][ 18]LogModuleManager: Shutting down and abandoning module HTML5Networking (362)
[2018.09.03-09.59.16:246][ 18]LogModuleManager: Shutting down and abandoning module GeometryCacheTracks (360)
[2018.09.03-09.59.16:246][ 18]LogModuleManager: Shutting down and abandoning module GeometryCacheSequencer (358)
[2018.09.03-09.59.16:246][ 18]LogModuleManager: Shutting down and abandoning module BackChannel (356)
[2018.09.03-09.59.16:246][ 18]LogModuleManager: Shutting down and abandoning module AppleVision (354)
[2018.09.03-09.59.16:246][ 18]LogModuleManager: Shutting down and abandoning module AppleImageUtils (352)
[2018.09.03-09.59.16:246][ 18]LogModuleManager: Shutting down and abandoning module AlembicImporter (350)
[2018.09.03-09.59.16:246][ 18]LogModuleManager: Shutting down and abandoning module AlembicLibrary (349)
[2018.09.03-09.59.16:247][ 18]LogModuleManager: Shutting down and abandoning module GeometryCache (348)
[2018.09.03-09.59.16:247][ 18]LogModuleManager: Shutting down and abandoning module GeometryCacheEd (347)
[2018.09.03-09.59.16:247][ 18]LogModuleManager: Shutting down and abandoning module DatasmithContentEditor (342)
[2018.09.03-09.59.16:247][ 18]LogModuleManager: Shutting down and abandoning module DatasmithContent (340)
[2018.09.03-09.59.16:247][ 18]LogModuleManager: Shutting down and abandoning module SpeedTreeImporter (338)
[2018.09.03-09.59.16:247][ 18]LogModuleManager: Shutting down and abandoning module PluginBrowser (336)
[2018.09.03-09.59.16:247][ 18]LogModuleManager: Shutting down and abandoning module MobileLauncherProfileWizard (334)
[2018.09.03-09.59.16:247][ 18]LogModuleManager: Shutting down and abandoning module PolygonModeling (332)
[2018.09.03-09.59.16:247][ 18]LogModuleManager: Shutting down and abandoning module MeshEditor (330)
[2018.09.03-09.59.16:247][ 18]LogModuleManager: Shutting down and abandoning module CryptoKeysOpenSSL (328)
[2018.09.03-09.59.16:247][ 18]LogModuleManager: Shutting down and abandoning module CryptoKeys (326)
[2018.09.03-09.59.16:247][ 18]LogModuleManager: Shutting down and abandoning module VisualStudioSourceCodeAccess (324)
[2018.09.03-09.59.16:247][ 18]LogModuleManager: Shutting down and abandoning module VisualStudioCodeSourceCodeAccess (322)
[2018.09.03-09.59.16:247][ 18]LogModuleManager: Shutting down and abandoning module UObjectPlugin (320)
[2018.09.03-09.59.16:247][ 18]LogModuleManager: Shutting down and abandoning module SubversionSourceControl (318)
[2018.09.03-09.59.16:247][ 18]LogModuleManager: Shutting down and abandoning module PerforceSourceControl (316)
[2018.09.03-09.59.16:248][ 18]LogModuleManager: Shutting down and abandoning module GitSourceControl (314)
[2018.09.03-09.59.16:248][ 18]LogModuleManager: Shutting down and abandoning module SourceControl (313)
[2018.09.03-09.59.16:248][ 18]LogModuleManager: Shutting down and abandoning module CLionSourceCodeAccess (310)
[2018.09.03-09.59.16:248][ 18]LogModuleManager: Shutting down and abandoning module LightPropagationVolumeEditor (308)
[2018.09.03-09.59.16:248][ 18]LogModuleManager: Shutting down and abandoning module PaperTiledImporter (306)
[2018.09.03-09.59.16:248][ 18]LogModuleManager: Shutting down and abandoning module PaperSpriteSheetImporter (304)
[2018.09.03-09.59.16:248][ 18]LogModuleManager: Shutting down and abandoning module Paper2DEditor (302)
[2018.09.03-09.59.16:248][ 18]LogModuleManager: Shutting down and abandoning module MeshPaint (301)
[2018.09.03-09.59.16:248][ 18]LogModuleManager: Shutting down and abandoning module RuntimePhysXCooking (298)
[2018.09.03-09.59.16:248][ 18]LogModuleManager: Shutting down and abandoning module PhysXVehiclesEditor (296)
[2018.09.03-09.59.16:248][ 18]LogModuleManager: Shutting down and abandoning module PhysXVehicles (294)
[2018.09.03-09.59.16:248][ 18]LogModuleManager: Shutting down and abandoning module OculusEditor (292)
[2018.09.03-09.59.16:248][ 18]LogModuleManager: Shutting down and abandoning module LocationServicesBPLibrary (290)
[2018.09.03-09.59.16:248][ 18]LogModuleManager: Shutting down and abandoning module ImmediatePhysicsEditor (288)
[2018.09.03-09.59.16:248][ 18]LogModuleManager: Shutting down and abandoning module ImmediatePhysics (286)
[2018.09.03-09.59.16:248][ 18]LogModuleManager: Shutting down and abandoning module ActorSequence (284)
[2018.09.03-09.59.16:248][ 18]LogModuleManager: Shutting down and abandoning module UdpMessaging (282)
[2018.09.03-09.59.16:348][ 18]LogModuleManager: Shutting down and abandoning module TcpMessaging (280)
[2018.09.03-09.59.16:449][ 18]LogModuleManager: Shutting down and abandoning module MagicLeapAudio (278)
[2018.09.03-09.59.16:449][ 18]LogModuleManager: Shutting down and abandoning module GameplayTagsEditor (276)
[2018.09.03-09.59.16:449][ 18]LogModuleManager: Shutting down and abandoning module FacialAnimationEditor (274)
[2018.09.03-09.59.16:449][ 18]LogModuleManager: Shutting down and abandoning module FacialAnimation (272)
[2018.09.03-09.59.16:449][ 18]LogModuleManager: Shutting down and abandoning module DataValidation (270)
[2018.09.03-09.59.16:449][ 18]LogModuleManager: Shutting down and abandoning module AssetManagerEditor (268)
[2018.09.03-09.59.16:449][ 18]LogModuleManager: Shutting down and abandoning module LevelEditor (267)
[2018.09.03-09.59.16:449][ 18]LogModuleManager: Shutting down and abandoning module PixelInspectorModule (266)
[2018.09.03-09.59.16:449][ 18]LogModuleManager: Shutting down and abandoning module CommonMenuExtensions (264)
[2018.09.03-09.59.16:450][ 18]LogModuleManager: Shutting down and abandoning module MainFrame (262)
[2018.09.03-09.59.16:450][ 18]LogModuleManager: Shutting down and abandoning module HotReload (261)
[2018.09.03-09.59.16:450][ 18]LogModuleManager: Shutting down and abandoning module ContentBrowser (257)
[2018.09.03-09.59.16:451][ 18]LogModuleManager: Shutting down and abandoning module TreeMap (255)
[2018.09.03-09.59.16:451][ 18]LogModuleManager: Shutting down and abandoning module LightPropagationVolumeRuntime (252)
[2018.09.03-09.59.16:451][ 18]LogModuleManager: Shutting down and abandoning module AISupportModule (250)
[2018.09.03-09.59.16:451][ 18]LogModuleManager: Shutting down and abandoning module Paper2D (248)
[2018.09.03-09.59.16:451][ 18]LogModuleManager: Shutting down and abandoning module WindowsMoviePlayer (246)
[2018.09.03-09.59.16:451][ 18]LogModuleManager: Shutting down and abandoning module WmfMedia (244)
[2018.09.03-09.59.16:452][ 18]LogModuleManager: Shutting down and abandoning module Media (243)
[2018.09.03-09.59.16:459][ 18]LogModuleManager: Shutting down and abandoning module PacketHandler (240)
[2018.09.03-09.59.16:459][ 18]LogModuleManager: Shutting down and abandoning module ClothingSystemEditor (238)
[2018.09.03-09.59.16:459][ 18]LogModuleManager: Shutting down and abandoning module ClothingSystemRuntime (236)
[2018.09.03-09.59.16:459][ 18]LogModuleManager: Shutting down and abandoning module MediaAssets (234)
[2018.09.03-09.59.16:459][ 18]LogModuleManager: Shutting down and abandoning module Overlay (232)
[2018.09.03-09.59.16:459][ 18]LogModuleManager: Shutting down and abandoning module OverlayEditor (231)
[2018.09.03-09.59.16:459][ 18]LogModuleManager: Shutting down and abandoning module VREditor (228)
[2018.09.03-09.59.16:459][ 18]LogModuleManager: Shutting down and abandoning module StringTableEditor (226)
[2018.09.03-09.59.16:459][ 18]LogModuleManager: Shutting down and abandoning module GameplayTasksEditor (224)
[2018.09.03-09.59.16:459][ 18]LogModuleManager: Shutting down and abandoning module BehaviorTreeEditor (222)
[2018.09.03-09.59.16:459][ 18]LogModuleManager: Shutting down and abandoning module FunctionalTesting (220)
[2018.09.03-09.59.16:460][ 18]LogModuleManager: Shutting down and abandoning module CollisionAnalyzer (218)
[2018.09.03-09.59.16:460][ 18]LogModuleManager: Shutting down and abandoning module WorkspaceMenuStructure (217)
[2018.09.03-09.59.16:460][ 18]LogModuleManager: Shutting down and abandoning module UMG (214)
[2018.09.03-09.59.16:460][ 18]LogModuleManager: Shutting down and abandoning module UMGEditor (213)
[2018.09.03-09.59.16:460][ 18]LogModuleManager: Shutting down and abandoning module Sequencer (212)
[2018.09.03-09.59.16:460][ 18]LogModuleManager: Shutting down and abandoning module MessageLog (209)
[2018.09.03-09.59.16:460][ 18]LogModuleManager: Shutting down and abandoning module SlateReflector (204)
[2018.09.03-09.59.16:460][ 18]LogModuleManager: Shutting down and abandoning module Slate (202)
[2018.09.03-09.59.16:460][ 18]LogModuleManager: Shutting down and abandoning module EditorStyle (200)
[2018.09.03-09.59.16:464][ 18]LogModuleManager: Shutting down and abandoning module MRMesh (198)
[2018.09.03-09.59.16:464][ 18]LogModuleManager: Shutting down and abandoning module SourceCodeAccess (196)
[2018.09.03-09.59.16:464][ 18]LogModuleManager: Shutting down and abandoning module HeadMountedDisplay (194)
[2018.09.03-09.59.16:464][ 18]LogModuleManager: Shutting down and abandoning module XAudio2 (192)
[2018.09.03-09.59.16:465][ 18]LogModuleManager: Shutting down and abandoning module Networking (190)
[2018.09.03-09.59.16:465][ 18]LogModuleManager: Shutting down and abandoning module Core (188)
[2018.09.03-09.59.16:465][ 18]LogModuleManager: Shutting down and abandoning module LevelSequence (186)
[2018.09.03-09.59.16:465][ 18]LogModuleManager: Shutting down and abandoning module KismetCompiler (184)
[2018.09.03-09.59.16:465][ 18]LogModuleManager: Shutting down and abandoning module MeshUtilities (182)
[2018.09.03-09.59.16:465][ 18]LogModuleManager: Shutting down and abandoning module MeshMergeUtilities (181)
[2018.09.03-09.59.16:465][ 18]LogModuleManager: Shutting down and abandoning module MeshReductionInterface (180)
[2018.09.03-09.59.16:465][ 18]LogModuleManager: Shutting down and abandoning module SimplygonSwarm (179)
[2018.09.03-09.59.16:465][ 18]LogModuleManager: Shutting down and abandoning module ProxyLODMeshReduction (177)
[2018.09.03-09.59.16:465][ 18]LogModuleManager: Shutting down and abandoning module SimplygonMeshReduction (175)
[2018.09.03-09.59.16:465][ 18]LogModuleManager: Shutting down and abandoning module QuadricMeshReduction (173)
[2018.09.03-09.59.16:465][ 18]LogModuleManager: Shutting down and abandoning module MaterialBaking (169)
[2018.09.03-09.59.16:465][ 18]LogModuleManager: Shutting down and abandoning module DirectoryWatcher (165)
[2018.09.03-09.59.16:465][ 18]LogModuleManager: Shutting down and abandoning module DerivedDataCache (162)
[2018.09.03-09.59.16:490][ 18]LogDerivedDataCache: Shutdown
[2018.09.03-09.59.16:490][ 18]LogModuleManager: Shutting down and abandoning module XGEController (160)
[2018.09.03-09.59.16:490][ 18]LogModuleManager: Shutting down and abandoning module TargetPlatform (158)
[2018.09.03-09.59.16:490][ 18]LogModuleManager: Shutting down and abandoning module VulkanShaderFormat (157)
[2018.09.03-09.59.16:490][ 18]LogModuleManager: Shutting down and abandoning module ShaderFormatVectorVM (155)
[2018.09.03-09.59.16:490][ 18]LogModuleManager: Shutting down and abandoning module ShaderFormatOpenGL (153)
[2018.09.03-09.59.16:490][ 18]LogModuleManager: Shutting down and abandoning module ShaderFormatD3D (151)
[2018.09.03-09.59.16:490][ 18]LogModuleManager: Shutting down and abandoning module MetalShaderFormat (149)
[2018.09.03-09.59.16:490][ 18]LogModuleManager: Shutting down and abandoning module TextureFormatUncompressed (147)
[2018.09.03-09.59.16:490][ 18]LogModuleManager: Shutting down and abandoning module TextureFormatPVR (145)
[2018.09.03-09.59.16:490][ 18]LogModuleManager: Shutting down and abandoning module TextureFormatDXT (143)
[2018.09.03-09.59.16:490][ 18]LogModuleManager: Shutting down and abandoning module TextureFormatIntelISPCTexComp (141)
[2018.09.03-09.59.16:490][ 18]LogModuleManager: Shutting down and abandoning module TextureFormatASTC (139)
[2018.09.03-09.59.16:491][ 18]LogModuleManager: Shutting down and abandoning module ImageWrapper (138)
[2018.09.03-09.59.16:491][ 18]LogModuleManager: Shutting down and abandoning module TextureFormatAndroid (135)
[2018.09.03-09.59.16:491][ 18]LogModuleManager: Shutting down and abandoning module AudioFormatOpus (133)
[2018.09.03-09.59.16:491][ 18]LogModuleManager: Shutting down and abandoning module AudioFormatOgg (131)
[2018.09.03-09.59.16:491][ 18]LogModuleManager: Shutting down and abandoning module AudioFormatADPCM (129)
[2018.09.03-09.59.16:491][ 18]LogModuleManager: Shutting down and abandoning module LuminTargetPlatform (127)
[2018.09.03-09.59.16:491][ 18]LogModuleManager: Shutting down and abandoning module LinuxTargetPlatform (125)
[2018.09.03-09.59.16:491][ 18]LogModuleManager: Shutting down and abandoning module LinuxServerTargetPlatform (123)
[2018.09.03-09.59.16:491][ 18]LogModuleManager: Shutting down and abandoning module LinuxNoEditorTargetPlatform (121)
[2018.09.03-09.59.16:491][ 18]LogModuleManager: Shutting down and abandoning module LinuxClientTargetPlatform (119)
[2018.09.03-09.59.16:491][ 18]LogModuleManager: Shutting down and abandoning module TVOSTargetPlatform (117)
[2018.09.03-09.59.16:492][ 18]LogModuleManager: Shutting down and abandoning module Messaging (115)
[2018.09.03-09.59.16:492][ 18]LogModuleManager: Shutting down and abandoning module IOSTargetPlatform (113)
[2018.09.03-09.59.16:494][ 18]LogModuleManager: Shutting down and abandoning module HTML5TargetPlatform (111)
[2018.09.03-09.59.16:494][ 18]LogModuleManager: Shutting down and abandoning module AndroidTargetPlatform (109)
[2018.09.03-09.59.16:500][ 18]LogModuleManager: Shutting down and abandoning module WindowsTargetPlatform (107)
[2018.09.03-09.59.16:500][ 18]LogModuleManager: Shutting down and abandoning module WindowsServerTargetPlatform (105)
[2018.09.03-09.59.16:500][ 18]LogModuleManager: Shutting down and abandoning module WindowsNoEditorTargetPlatform (103)
[2018.09.03-09.59.16:500][ 18]LogModuleManager: Shutting down and abandoning module WindowsClientTargetPlatform (101)
[2018.09.03-09.59.16:500][ 18]LogModuleManager: Shutting down and abandoning module MacTargetPlatform (99)
[2018.09.03-09.59.16:500][ 18]LogModuleManager: Shutting down and abandoning module MacServerTargetPlatform (97)
[2018.09.03-09.59.16:500][ 18]LogModuleManager: Shutting down and abandoning module MacNoEditorTargetPlatform (95)
[2018.09.03-09.59.16:500][ 18]LogModuleManager: Shutting down and abandoning module MacClientTargetPlatform (93)
[2018.09.03-09.59.16:500][ 18]LogModuleManager: Shutting down and abandoning module AllDesktopTargetPlatform (91)
[2018.09.03-09.59.16:500][ 18]LogModuleManager: Shutting down and abandoning module InputCore (88)
[2018.09.03-09.59.16:500][ 18]LogModuleManager: Shutting down and abandoning module Settings (86)
[2018.09.03-09.59.16:500][ 18]LogModuleManager: Shutting down and abandoning module PhysXCooking (84)
[2018.09.03-09.59.16:500][ 18]LogModuleManager: Shutting down and abandoning module SteamVR (82)
[2018.09.03-09.59.16:501][ 18]LogModuleManager: Shutting down and abandoning module OculusHMD (80)
[2018.09.03-09.59.16:501][ 18]LogModuleManager: Shutting down and abandoning module ExampleDeviceProfileSelector (78)
[2018.09.03-09.59.16:501][ 18]LogModuleManager: Shutting down and abandoning module LauncherChunkInstaller (76)
[2018.09.03-09.59.16:501][ 18]LogModuleManager: Shutting down and abandoning module OnlineBlueprintSupport (74)
[2018.09.03-09.59.16:501][ 18]LogModuleManager: Shutting down and abandoning module OnlineSubsystem (70)
[2018.09.03-09.59.16:501][ 18]LogModuleManager: Shutting down and abandoning module XMPP (65)
[2018.09.03-09.59.16:502][ 18]LogModuleManager: Shutting down and abandoning module WebSockets (64)
[2018.09.03-09.59.16:516][ 18]LogModuleManager: Shutting down and abandoning module HTTP (61)
[2018.09.03-09.59.16:516][ 18]LogHttp: Display: Http module shutting down, but needs to wait on 1 outstanding Http requests:
[2018.09.03-09.59.16:516][ 18]LogHttp: Display: 	verb=[POST] url=[https://datarouter.ol.epicgames.com/datarouter/api/v1/public/data?SessionID=%7BFF9D05EC-467E-30A8-350A-5581B4CD9571%7D&AppID=UEEditor.Rocket.Release&AppVersion=4.20.1-4233996%2B%2B%2BUE4%2BRelease-4.20&UserID=e892bda8444714e7cd3a7f97c3f0f81b%7C7640dc3c6f924552bc3a5923a2c35396%7Cbcae56d2-c84f-43c2-829d-5712d0374204&AppEnvironment=datacollector-binary&UploadType=eteventstream] status=Processing
[2018.09.03-09.59.16:531][ 18]LogModuleManager: Shutting down and abandoning module SSL (60)
[2018.09.03-09.59.16:532][ 18]LogModuleManager: Shutting down and abandoning module MagicLeapEmulator (56)
[2018.09.03-09.59.16:532][ 18]LogModuleManager: Shutting down and abandoning module MagicLeapPrivileges (54)
[2018.09.03-09.59.16:532][ 18]LogModuleManager: Shutting down and abandoning module MagicLeapIdentity (52)
[2018.09.03-09.59.16:532][ 18]LogModuleManager: Shutting down and abandoning module MagicLeapHelperVulkan (50)
[2018.09.03-09.59.16:532][ 18]LogModuleManager: Shutting down and abandoning module MagicLeapHelperOpenGL (48)
[2018.09.03-09.59.16:532][ 18]LogModuleManager: Shutting down and abandoning module MagicLeapSecureStorage (46)
[2018.09.03-09.59.16:532][ 18]LogModuleManager: Shutting down and abandoning module MagicLeapGestures (44)
[2018.09.03-09.59.16:532][ 18]LogModuleManager: Shutting down and abandoning module MagicLeapEyeTracker (42)
[2018.09.03-09.59.16:532][ 18]LogModuleManager: Shutting down and abandoning module MagicLeapController (40)
[2018.09.03-09.59.16:532][ 18]LogSlate: Slate User Destroyed.  User Index 0, Is Virtual User: 0
[2018.09.03-09.59.16:533][ 18]LogModuleManager: Shutting down and abandoning module MagicLeap (38)
[2018.09.03-09.59.16:533][ 18]LogModuleManager: Shutting down and abandoning module AnimationModifiers (36)
[2018.09.03-09.59.16:533][ 18]LogModuleManager: Shutting down and abandoning module PropertyEditor (35)
[2018.09.03-09.59.16:533][ 18]LogModuleManager: Shutting down and abandoning module AudioEditor (32)
[2018.09.03-09.59.16:533][ 18]LogModuleManager: Shutting down and abandoning module TextureCompressor (30)
[2018.09.03-09.59.16:533][ 18]LogModuleManager: Shutting down and abandoning module ShaderCore (28)
[2018.09.03-09.59.16:533][ 18]LogModuleManager: Shutting down and abandoning module Landscape (26)
[2018.09.03-09.59.16:533][ 18]LogModuleManager: Shutting down and abandoning module SlateRHIRenderer (24)
[2018.09.03-09.59.16:533][ 18]LogModuleManager: Shutting down and abandoning module OpenGLDrv (22)
[2018.09.03-09.59.16:533][ 18]LogModuleManager: Shutting down and abandoning module D3D11RHI (20)
[2018.09.03-09.59.16:533][ 18]LogModuleManager: Shutting down and abandoning module AnimGraphRuntime (18)
[2018.09.03-09.59.16:533][ 18]LogModuleManager: Shutting down and abandoning module Renderer (16)
[2018.09.03-09.59.16:533][ 18]LogModuleManager: Shutting down and abandoning module Engine (14)
[2018.09.03-09.59.16:533][ 18]LogModuleManager: Shutting down and abandoning module CoreUObject (12)
[2018.09.03-09.59.16:533][ 18]LogModuleManager: Shutting down and abandoning module NetworkFile (10)
[2018.09.03-09.59.16:533][ 18]LogModuleManager: Shutting down and abandoning module CookedIterativeFile (8)
[2018.09.03-09.59.16:533][ 18]LogModuleManager: Shutting down and abandoning module StreamingFile (6)
[2018.09.03-09.59.16:533][ 18]LogModuleManager: Shutting down and abandoning module SandboxFile (4)
[2018.09.03-09.59.16:533][ 18]LogModuleManager: Shutting down and abandoning module PakFile (2)
[2018.09.03-09.59.16:543][ 18]LogExit: Exiting.
[2018.09.03-09.59.16:549][ 18]Log file closed, 09/03/18 11:59:16
